  [1m[35m (2.0ms)[0m  [1m[34mSELECT sqlite_version(*)[0m
  [1m[35m (7.0ms)[0m  [1m[35mCREATE TABLE "schema_migrations" ("version" varchar NOT NULL PRIMARY KEY)[0m
  [1m[35m (4.0ms)[0m  [1m[35mCREATE TABLE "ar_internal_metadata" ("key" varchar NOT NULL PRIMARY KEY, "value" varchar, "created_at" datetime(6) NOT NULL, "updated_at" datetime(6) NOT NULL)[0m
  [1m[35m (0.2ms)[0m  [1m[34mSELECT "schema_migrations"."version" FROM "schema_migrations" ORDER BY "schema_migrations"."version" ASC[0m
Migrating to CreateBooks (20211205091619)
  [1m[35m (0.1ms)[0m  [1m[36mbegin transaction[0m
  [1m[35m (0.5ms)[0m  [1m[35mCREATE TABLE "books" ("id" integer PRIMARY KEY AUTOINCREMENT NOT NULL, "title" varchar, "number_of_pages" integer, "created_at" datetime(6) NOT NULL, "updated_at" datetime(6) NOT NULL)[0m
  [1m[36mActiveRecord::SchemaMigration Create (0.2ms)[0m  [1m[32mINSERT INTO "schema_migrations" ("version") VALUES (?)[0m  [["version", "20211205091619"]]
  [1m[35m (7.2ms)[0m  [1m[36mcommit transaction[0m
Migrating to DeviseCreateUsers (20211205092844)
  [1m[35m (0.1ms)[0m  [1m[36mbegin transaction[0m
  [1m[35m (0.5ms)[0m  [1m[35mCREATE TABLE "users" ("id" integer PRIMARY KEY AUTOINCREMENT NOT NULL, "email" varchar DEFAULT '' NOT NULL, "encrypted_password" varchar DEFAULT '' NOT NULL, "reset_password_token" varchar, "reset_password_sent_at" datetime, "remember_created_at" datetime, "created_at" datetime(6) NOT NULL, "updated_at" datetime(6) NOT NULL)[0m
  [1m[35m (0.3ms)[0m  [1m[35mCREATE UNIQUE INDEX "index_users_on_email" ON "users" ("email")[0m
  [1m[35m (0.2ms)[0m  [1m[35mCREATE UNIQUE INDEX "index_users_on_reset_password_token" ON "users" ("reset_password_token")[0m
  [1m[36mActiveRecord::SchemaMigration Create (0.2ms)[0m  [1m[32mINSERT INTO "schema_migrations" ("version") VALUES (?)[0m  [["version", "20211205092844"]]
  [1m[35m (4.5ms)[0m  [1m[36mcommit transaction[0m
Migrating to CreateActiveStorageTables (20211205095551)
  [1m[35m (0.1ms)[0m  [1m[36mbegin transaction[0m
  [1m[35m (0.4ms)[0m  [1m[35mCREATE TABLE "active_storage_blobs" ("id" integer PRIMARY KEY AUTOINCREMENT NOT NULL, "key" varchar NOT NULL, "filename" varchar NOT NULL, "content_type" varchar, "metadata" text, "byte_size" bigint NOT NULL, "checksum" varchar NOT NULL, "created_at" datetime NOT NULL)[0m
  [1m[35m (0.2ms)[0m  [1m[35mCREATE UNIQUE INDEX "index_active_storage_blobs_on_key" ON "active_storage_blobs" ("key")[0m
  [1m[35m (0.2ms)[0m  [1m[35mCREATE TABLE "active_storage_attachments" ("id" integer PRIMARY KEY AUTOINCREMENT NOT NULL, "name" varchar NOT NULL, "record_type" varchar NOT NULL, "record_id" integer NOT NULL, "blob_id" integer NOT NULL, "created_at" datetime NOT NULL, CONSTRAINT "fk_rails_c3b3935057"
FOREIGN KEY ("blob_id")
  REFERENCES "active_storage_blobs" ("id")
)[0m
  [1m[35m (0.1ms)[0m  [1m[35mCREATE  INDEX "index_active_storage_attachments_on_blob_id" ON "active_storage_attachments" ("blob_id")[0m
  [1m[35m (0.2ms)[0m  [1m[35mCREATE UNIQUE INDEX "index_active_storage_attachments_uniqueness" ON "active_storage_attachments" ("record_type", "record_id", "name", "blob_id")[0m
  [1m[36mActiveRecord::SchemaMigration Create (0.1ms)[0m  [1m[32mINSERT INTO "schema_migrations" ("version") VALUES (?)[0m  [["version", "20211205095551"]]
  [1m[35m (4.7ms)[0m  [1m[36mcommit transaction[0m
Migrating to AddNameAndAge (20211205141234)
  [1m[35m (0.1ms)[0m  [1m[36mbegin transaction[0m
  [1m[35m (0.4ms)[0m  [1m[35mALTER TABLE "users" ADD "name" varchar[0m
  [1m[35m (0.3ms)[0m  [1m[35mALTER TABLE "users" ADD "age" integer[0m
  [1m[35m (0.2ms)[0m  [1m[35mCREATE  INDEX "index_users_on_name" ON "users" ("name")[0m
  [1m[36mActiveRecord::SchemaMigration Create (0.1ms)[0m  [1m[32mINSERT INTO "schema_migrations" ("version") VALUES (?)[0m  [["version", "20211205141234"]]
  [1m[35m (4.7ms)[0m  [1m[36mcommit transaction[0m
  [1m[36mActiveRecord::InternalMetadata Load (0.2ms)[0m  [1m[34mSELECT "ar_internal_metadata".* FROM "ar_internal_metadata" WHERE "ar_internal_metadata"."key" = ? LIMIT ?[0m  [["key", "environment"], ["LIMIT", 1]]
  [1m[35m (0.1ms)[0m  [1m[36mbegin transaction[0m
  [1m[36mActiveRecord::InternalMetadata Create (0.3ms)[0m  [1m[32mINSERT INTO "ar_internal_metadata" ("key", "value", "created_at", "updated_at") VALUES (?, ?, ?, ?)[0m  [["key", "environment"], ["value", "development"], ["created_at", "2021-12-07 07:14:35.274772"], ["updated_at", "2021-12-07 07:14:35.274772"]]
  [1m[35m (3.3ms)[0m  [1m[36mcommit transaction[0m
  [1m[35m (0.1ms)[0m  [1m[34mSELECT sqlite_version(*)[0m
  [1m[35m (0.2ms)[0m  [1m[34mSELECT "schema_migrations"."version" FROM "schema_migrations" ORDER BY "schema_migrations"."version" ASC[0m
Started GET "/" for 127.0.0.1 at 2021-12-07 07:15:18 +0000
  [1m[35m (0.5ms)[0m  [1m[34mSELECT sqlite_version(*)[0m
  [1m[35m (0.2ms)[0m  [1m[34mSELECT "schema_migrations"."version" FROM "schema_migrations" ORDER BY "schema_migrations"."version" ASC[0m
Processing by StaticPagesController#home as HTML
  Rendering static_pages/home.html.erb within layouts/application
  Rendered static_pages/home.html.erb within layouts/application (Duration: 2.3ms | Allocations: 385)
[Webpacker] Compiling...
[Webpacker] Compiled all packs in /home/ubuntu/it_nihongo3_rails_1/public/packs
[Webpacker] Though the "loose" option was set to "false" in your @babel/preset-env config, it will not be used for @babel/plugin-proposal-private-property-in-object since the "loose" mode option was set to "true" for @babel/plugin-proposal-class-properties.
The "loose" option must be the same for @babel/plugin-proposal-class-properties, @babel/plugin-proposal-private-methods and @babel/plugin-proposal-private-property-in-object (when they are enabled): you can silence this warning by explicitly adding
	["@babel/plugin-proposal-private-property-in-object", { "loose": true }]
to the "plugins" section of your Babel config.
Though the "loose" option was set to "false" in your @babel/preset-env config, it will not be used for @babel/plugin-proposal-private-methods since the "loose" mode option was set to "true" for @babel/plugin-proposal-private-property-in-object.
The "loose" option must be the same for @babel/plugin-proposal-class-properties, @babel/plugin-proposal-private-methods and @babel/plugin-proposal-private-property-in-object (when they are enabled): you can silence this warning by explicitly adding
	["@babel/plugin-proposal-private-methods", { "loose": true }]
to the "plugins" section of your Babel config.
Though the "loose" option was set to "false" in your @babel/preset-env config, it will not be used for @babel/plugin-proposal-private-property-in-object since the "loose" mode option was set to "true" for @babel/plugin-proposal-class-properties.
The "loose" option must be the same for @babel/plugin-proposal-class-properties, @babel/plugin-proposal-private-methods and @babel/plugin-proposal-private-property-in-object (when they are enabled): you can silence this warning by explicitly adding
	["@babel/plugin-proposal-private-property-in-object", { "loose": true }]
to the "plugins" section of your Babel config.
Though the "loose" option was set to "false" in your @babel/preset-env config, it will not be used for @babel/plugin-proposal-private-methods since the "loose" mode option was set to "true" for @babel/plugin-proposal-private-property-in-object.
The "loose" option must be the same for @babel/plugin-proposal-class-properties, @babel/plugin-proposal-private-methods and @babel/plugin-proposal-private-property-in-object (when they are enabled): you can silence this warning by explicitly adding
	["@babel/plugin-proposal-private-methods", { "loose": true }]
to the "plugins" section of your Babel config.
Though the "loose" option was set to "false" in your @babel/preset-env config, it will not be used for @babel/plugin-proposal-private-property-in-object since the "loose" mode option was set to "true" for @babel/plugin-proposal-class-properties.
The "loose" option must be the same for @babel/plugin-proposal-class-properties, @babel/plugin-proposal-private-methods and @babel/plugin-proposal-private-property-in-object (when they are enabled): you can silence this warning by explicitly adding
	["@babel/plugin-proposal-private-property-in-object", { "loose": true }]
to the "plugins" section of your Babel config.
Though the "loose" option was set to "false" in your @babel/preset-env config, it will not be used for @babel/plugin-proposal-private-methods since the "loose" mode option was set to "true" for @babel/plugin-proposal-private-property-in-object.
The "loose" option must be the same for @babel/plugin-proposal-class-properties, @babel/plugin-proposal-private-methods and @babel/plugin-proposal-private-property-in-object (when they are enabled): you can silence this warning by explicitly adding
	["@babel/plugin-proposal-private-methods", { "loose": true }]
to the "plugins" section of your Babel config.
Though the "loose" option was set to "false" in your @babel/preset-env config, it will not be used for @babel/plugin-proposal-private-property-in-object since the "loose" mode option was set to "true" for @babel/plugin-proposal-class-properties.
The "loose" option must be the same for @babel/plugin-proposal-class-properties, @babel/plugin-proposal-private-methods and @babel/plugin-proposal-private-property-in-object (when they are enabled): you can silence this warning by explicitly adding
	["@babel/plugin-proposal-private-property-in-object", { "loose": true }]
to the "plugins" section of your Babel config.
Though the "loose" option was set to "false" in your @babel/preset-env config, it will not be used for @babel/plugin-proposal-private-methods since the "loose" mode option was set to "true" for @babel/plugin-proposal-private-property-in-object.
The "loose" option must be the same for @babel/plugin-proposal-class-properties, @babel/plugin-proposal-private-methods and @babel/plugin-proposal-private-property-in-object (when they are enabled): you can silence this warning by explicitly adding
	["@babel/plugin-proposal-private-methods", { "loose": true }]
to the "plugins" section of your Babel config.
Though the "loose" option was set to "false" in your @babel/preset-env config, it will not be used for @babel/plugin-proposal-private-property-in-object since the "loose" mode option was set to "true" for @babel/plugin-proposal-class-properties.
The "loose" option must be the same for @babel/plugin-proposal-class-properties, @babel/plugin-proposal-private-methods and @babel/plugin-proposal-private-property-in-object (when they are enabled): you can silence this warning by explicitly adding
	["@babel/plugin-proposal-private-property-in-object", { "loose": true }]
to the "plugins" section of your Babel config.
Though the "loose" option was set to "false" in your @babel/preset-env config, it will not be used for @babel/plugin-proposal-private-methods since the "loose" mode option was set to "true" for @babel/plugin-proposal-private-property-in-object.
The "loose" option must be the same for @babel/plugin-proposal-class-properties, @babel/plugin-proposal-private-methods and @babel/plugin-proposal-private-property-in-object (when they are enabled): you can silence this warning by explicitly adding
	["@babel/plugin-proposal-private-methods", { "loose": true }]
to the "plugins" section of your Babel config.
Though the "loose" option was set to "false" in your @babel/preset-env config, it will not be used for @babel/plugin-proposal-private-property-in-object since the "loose" mode option was set to "true" for @babel/plugin-proposal-class-properties.
The "loose" option must be the same for @babel/plugin-proposal-class-properties, @babel/plugin-proposal-private-methods and @babel/plugin-proposal-private-property-in-object (when they are enabled): you can silence this warning by explicitly adding
	["@babel/plugin-proposal-private-property-in-object", { "loose": true }]
to the "plugins" section of your Babel config.
Though the "loose" option was set to "false" in your @babel/preset-env config, it will not be used for @babel/plugin-proposal-private-methods since the "loose" mode option was set to "true" for @babel/plugin-proposal-private-property-in-object.
The "loose" option must be the same for @babel/plugin-proposal-class-properties, @babel/plugin-proposal-private-methods and @babel/plugin-proposal-private-property-in-object (when they are enabled): you can silence this warning by explicitly adding
	["@babel/plugin-proposal-private-methods", { "loose": true }]
to the "plugins" section of your Babel config.

[Webpacker] Hash: 6f28388a41a2494ca985
Version: webpack 4.46.0
Time: 2473ms
Built at: 12/07/2021 7:15:23 AM
                                     Asset       Size       Chunks                         Chunk Names
    js/application-afaf3709eb3e4f76ed8e.js    124 KiB  application  [emitted] [immutable]  application
js/application-afaf3709eb3e4f76ed8e.js.map    139 KiB  application  [emitted] [dev]        application
                             manifest.json  364 bytes               [emitted]              
Entrypoint application = js/application-afaf3709eb3e4f76ed8e.js js/application-afaf3709eb3e4f76ed8e.js.map
[./app/javascript/channels sync recursive _channel\.js$] ./app/javascript/channels sync _channel\.js$ 160 bytes {application} [built]
[./app/javascript/channels/index.js] 211 bytes {application} [built]
[./app/javascript/packs/application.js] 749 bytes {application} [built]
[./node_modules/webpack/buildin/module.js] (webpack)/buildin/module.js 552 bytes {application} [built]
    + 3 hidden modules

Completed 200 OK in 4907ms (Views: 4895.1ms | ActiveRecord: 0.0ms | Allocations: 29201)


Started GET "/users/sign_up" for 127.0.0.1 at 2021-12-07 07:15:31 +0000
Processing by Devise::RegistrationsController#new as HTML
  Rendering devise/registrations/new.html.erb within layouts/application
  Rendered devise/shared/_error_messages.html.erb (Duration: 1.0ms | Allocations: 198)
  Rendered devise/shared/_links.html.erb (Duration: 2.4ms | Allocations: 507)
  Rendered devise/registrations/new.html.erb within layouts/application (Duration: 40.5ms | Allocations: 8392)
[Webpacker] Everything's up-to-date. Nothing to do
Completed 200 OK in 69ms (Views: 52.4ms | ActiveRecord: 1.1ms | Allocations: 19492)


Started GET "/" for 127.0.0.1 at 2021-12-07 07:29:05 +0000
  [1m[35m (0.6ms)[0m  [1m[34mSELECT sqlite_version(*)[0m
  [1m[35m (0.2ms)[0m  [1m[34mSELECT "schema_migrations"."version" FROM "schema_migrations" ORDER BY "schema_migrations"."version" ASC[0m
  
ActiveRecord::PendingMigrationError (

Migrations are pending. To resolve this issue, run:

        rails db:migrate RAILS_ENV=development

):
  
activerecord (6.0.4.1) lib/active_record/migration.rb:586:in `check_pending!'
activerecord (6.0.4.1) lib/active_record/migration.rb:564:in `call'
actionpack (6.0.4.1) lib/action_dispatch/middleware/callbacks.rb:27:in `block in call'
activesupport (6.0.4.1) lib/active_support/callbacks.rb:101:in `run_callbacks'
actionpack (6.0.4.1) lib/action_dispatch/middleware/callbacks.rb:26:in `call'
actionpack (6.0.4.1) lib/action_dispatch/middleware/executor.rb:14:in `call'
actionpack (6.0.4.1) lib/action_dispatch/middleware/actionable_exceptions.rb:18:in `call'
actionpack (6.0.4.1) lib/action_dispatch/middleware/debug_exceptions.rb:32:in `call'
web-console (4.2.0) lib/web_console/middleware.rb:132:in `call_app'
web-console (4.2.0) lib/web_console/middleware.rb:28:in `block in call'
web-console (4.2.0) lib/web_console/middleware.rb:17:in `catch'
web-console (4.2.0) lib/web_console/middleware.rb:17:in `call'
actionpack (6.0.4.1) lib/action_dispatch/middleware/show_exceptions.rb:33:in `call'
railties (6.0.4.1) lib/rails/rack/logger.rb:37:in `call_app'
railties (6.0.4.1) lib/rails/rack/logger.rb:26:in `block in call'
activesupport (6.0.4.1) lib/active_support/tagged_logging.rb:80:in `block in tagged'
activesupport (6.0.4.1) lib/active_support/tagged_logging.rb:28:in `tagged'
activesupport (6.0.4.1) lib/active_support/tagged_logging.rb:80:in `tagged'
railties (6.0.4.1) lib/rails/rack/logger.rb:26:in `call'
sprockets-rails (3.4.1) lib/sprockets/rails/quiet_assets.rb:13:in `call'
actionpack (6.0.4.1) lib/action_dispatch/middleware/remote_ip.rb:81:in `call'
actionpack (6.0.4.1) lib/action_dispatch/middleware/request_id.rb:27:in `call'
rack (2.2.3) lib/rack/method_override.rb:24:in `call'
rack (2.2.3) lib/rack/runtime.rb:22:in `call'
activesupport (6.0.4.1) lib/active_support/cache/strategy/local_cache_middleware.rb:29:in `call'
actionpack (6.0.4.1) lib/action_dispatch/middleware/executor.rb:14:in `call'
actionpack (6.0.4.1) lib/action_dispatch/middleware/static.rb:126:in `call'
rack (2.2.3) lib/rack/sendfile.rb:110:in `call'
actionpack (6.0.4.1) lib/action_dispatch/middleware/host_authorization.rb:76:in `call'
webpacker (4.3.0) lib/webpacker/dev_server_proxy.rb:23:in `perform_request'
rack-proxy (0.7.0) lib/rack/proxy.rb:63:in `call'
railties (6.0.4.1) lib/rails/engine.rb:527:in `call'
puma (4.3.10) lib/puma/configuration.rb:228:in `call'
puma (4.3.10) lib/puma/server.rb:718:in `handle_request'
puma (4.3.10) lib/puma/server.rb:472:in `process_client'
puma (4.3.10) lib/puma/server.rb:328:in `block in run'
puma (4.3.10) lib/puma/thread_pool.rb:134:in `block in spawn_thread'
  [1m[35m (0.5ms)[0m  [1m[34mSELECT sqlite_version(*)[0m
  [1m[35m (0.2ms)[0m  [1m[34mSELECT "schema_migrations"."version" FROM "schema_migrations" ORDER BY "schema_migrations"."version" ASC[0m
Migrating to AddDetail (20211207072208)
  [1m[35m (0.1ms)[0m  [1m[36mbegin transaction[0m
  [1m[35m (2.2ms)[0m  [1m[35mALTER TABLE "books" ADD "detail" text[0m
  [1m[36mActiveRecord::SchemaMigration Create (0.2ms)[0m  [1m[32mINSERT INTO "schema_migrations" ("version") VALUES (?)[0m  [["version", "20211207072208"]]
  [1m[35m (4.4ms)[0m  [1m[36mcommit transaction[0m
  [1m[36mActiveRecord::InternalMetadata Load (0.2ms)[0m  [1m[34mSELECT "ar_internal_metadata".* FROM "ar_internal_metadata" WHERE "ar_internal_metadata"."key" = ? LIMIT ?[0m  [["key", "environment"], ["LIMIT", 1]]
  [1m[35m (0.1ms)[0m  [1m[34mSELECT sqlite_version(*)[0m
  [1m[35m (0.1ms)[0m  [1m[34mSELECT "schema_migrations"."version" FROM "schema_migrations" ORDER BY "schema_migrations"."version" ASC[0m
Started GET "/" for 127.0.0.1 at 2021-12-07 07:30:03 +0000
  [1m[35m (0.5ms)[0m  [1m[34mSELECT sqlite_version(*)[0m
  [1m[35m (0.2ms)[0m  [1m[34mSELECT "schema_migrations"."version" FROM "schema_migrations" ORDER BY "schema_migrations"."version" ASC[0m
Processing by StaticPagesController#home as HTML
  Rendering static_pages/home.html.erb within layouts/application
  Rendered static_pages/home.html.erb within layouts/application (Duration: 1.3ms | Allocations: 476)
[Webpacker] Everything's up-to-date. Nothing to do
Completed 200 OK in 49ms (Views: 40.1ms | ActiveRecord: 0.0ms | Allocations: 10442)


Started GET "/users/sign_up" for 127.0.0.1 at 2021-12-07 07:30:06 +0000
Processing by Devise::RegistrationsController#new as HTML
  Rendering devise/registrations/new.html.erb within layouts/application
  Rendered devise/shared/_error_messages.html.erb (Duration: 1.2ms | Allocations: 198)
  Rendered devise/shared/_links.html.erb (Duration: 1.5ms | Allocations: 508)
  Rendered devise/registrations/new.html.erb within layouts/application (Duration: 19.1ms | Allocations: 5715)
[Webpacker] Everything's up-to-date. Nothing to do
Completed 200 OK in 48ms (Views: 28.4ms | ActiveRecord: 1.1ms | Allocations: 16605)


Started POST "/users" for 127.0.0.1 at 2021-12-07 07:30:46 +0000
Processing by Devise::RegistrationsController#create as HTML
  Parameters: {"authenticity_token"=>"ttEqdcjBWMPlHwrK/X0UYEolMTUuXpof7QvPHd6VV5CftfIWwfkytxyoTu+e5St+k25BmOREKRalIoJEpXiReQ==", "user"=>{"name"=>"phong", "age"=>"21", "avatar"=>#<ActionDispatch::Http::UploadedFile:0x0000000004fc2160 @tempfile=#<Tempfile:/tmp/RackMultipart20211207-3953-6fci81.jpeg>, @original_filename="幸せせ.jpeg", @content_type="image/jpeg", @headers="Content-Disposition: form-data; name=\"user[avatar]\"; filename=\"\xE5\xB9\xB8\xE3\x81\x9B\xE3\x81\x9B.jpeg\"\r\nContent-Type: image/jpeg\r\n">, "email"=>"phong.ht144@gmail.com", "password"=>"[FILTERED]", "password_confirmation"=>"[FILTERED]"}, "commit"=>"Sign up"}
  [1m[35m (0.1ms)[0m  [1m[36mbegin transaction[0m
  [1m[36mUser Exists? (0.2ms)[0m  [1m[34mSELECT 1 AS one FROM "users" WHERE "users"."email" = ? LIMIT ?[0m  [["email", "phong.ht144@gmail.com"], ["LIMIT", 1]]
  [1m[36mUser Create (1.5ms)[0m  [1m[32mINSERT INTO "users" ("email", "encrypted_password", "created_at", "updated_at", "name", "age") VALUES (?, ?, ?, ?, ?, ?)[0m  [["email", "phong.ht144@gmail.com"], ["encrypted_password", "$2a$12$yL/7wEs.s87pE78ODje8j.CsCR8O1ZP8ylFdHZGViwMe3qwsVL.pi"], ["created_at", "2021-12-07 07:30:46.407932"], ["updated_at", "2021-12-07 07:30:46.407932"], ["name", "phong"], ["age", 21]]
  [1m[36mActiveStorage::Blob Load (0.2ms)[0m  [1m[34mSELECT "active_storage_blobs".* FROM "active_storage_blobs" INNER JOIN "active_storage_attachments" ON "active_storage_blobs"."id" = "active_storage_attachments"."blob_id" WHERE "active_storage_attachments"."record_id" = ? AND "active_storage_attachments"."record_type" = ? AND "active_storage_attachments"."name" = ? LIMIT ?[0m  [["record_id", 1], ["record_type", "User"], ["name", "avatar"], ["LIMIT", 1]]
  [1m[36mActiveStorage::Attachment Load (0.2ms)[0m  [1m[34mSELECT "active_storage_attachments".* FROM "active_storage_attachments" WHERE "active_storage_attachments"."record_id" = ? AND "active_storage_attachments"."record_type" = ? AND "active_storage_attachments"."name" = ? LIMIT ?[0m  [["record_id", 1], ["record_type", "User"], ["name", "avatar"], ["LIMIT", 1]]
  [1m[36mActiveStorage::Blob Create (0.4ms)[0m  [1m[32mINSERT INTO "active_storage_blobs" ("key", "filename", "content_type", "metadata", "byte_size", "checksum", "created_at") VALUES (?, ?, ?, ?, ?, ?, ?)[0m  [["key", "715xa7utsqqdjaftt6ooh04bsbak"], ["filename", "幸せせ.jpeg"], ["content_type", "image/jpeg"], ["metadata", "{\"identified\":true}"], ["byte_size", 8310], ["checksum", "FAkwLo9RkTJxfLyVt+9D3g=="], ["created_at", "2021-12-07 07:30:46.524448"]]
  [1m[36mActiveStorage::Attachment Create (0.4ms)[0m  [1m[32mINSERT INTO "active_storage_attachments" ("name", "record_type", "record_id", "blob_id", "created_at") VALUES (?, ?, ?, ?, ?)[0m  [["name", "avatar"], ["record_type", "User"], ["record_id", 1], ["blob_id", 1], ["created_at", "2021-12-07 07:30:46.528076"]]
  [1m[36mUser Update (0.1ms)[0m  [1m[33mUPDATE "users" SET "updated_at" = ? WHERE "users"."id" = ?[0m  [["updated_at", "2021-12-07 07:30:46.530980"], ["id", 1]]
  [1m[35m (6.1ms)[0m  [1m[36mcommit transaction[0m
[36m  Disk Storage (1.7ms) [0m[32mUploaded file to key: 715xa7utsqqdjaftt6ooh04bsbak (checksum: FAkwLo9RkTJxfLyVt+9D3g==)[0m
[ActiveJob] Enqueued ActiveStorage::AnalyzeJob (Job ID: 6bcf6570-5f62-41f0-9e3f-426fe69b12c0) to Async(active_storage_analysis) with arguments: #<GlobalID:0x0000000003303330 @uri=#<URI::GID gid://thefirstrails/ActiveStorage::Blob/1>>
  [1m[35m (0.1ms)[0m  [1m[34mSELECT sqlite_version(*)[0m
  [1m[36mActiveStorage::Blob Load (0.2ms)[0m  [1m[34mSELECT "active_storage_blobs".* FROM "active_storage_blobs" WHERE "active_storage_blobs"."id" = ? LIMIT ?[0m  [["id", 1], ["LIMIT", 1]]
[ActiveJob] [ActiveStorage::AnalyzeJob] [6bcf6570-5f62-41f0-9e3f-426fe69b12c0] Performing ActiveStorage::AnalyzeJob (Job ID: 6bcf6570-5f62-41f0-9e3f-426fe69b12c0) from Async(active_storage_analysis) enqueued at 2021-12-07T07:30:46Z with arguments: #<GlobalID:0x0000000002de3d28 @uri=#<URI::GID gid://thefirstrails/ActiveStorage::Blob/1>>
Redirected to https://localhost-phong-ho-ng-1.paiza-user-free.cloud:3000/
Completed 302 Found in 568ms (ActiveRecord: 10.9ms | Allocations: 56049)


[ActiveJob] [ActiveStorage::AnalyzeJob] [6bcf6570-5f62-41f0-9e3f-426fe69b12c0] [36m  Disk Storage (1.8ms) [0m[34mDownloaded file from key: 715xa7utsqqdjaftt6ooh04bsbak[0m
[ActiveJob] [ActiveStorage::AnalyzeJob] [6bcf6570-5f62-41f0-9e3f-426fe69b12c0] Skipping image analysis because the mini_magick gem isn't installed
[ActiveJob] [ActiveStorage::AnalyzeJob] [6bcf6570-5f62-41f0-9e3f-426fe69b12c0]   [1m[35m (0.1ms)[0m  [1m[36mbegin transaction[0m
[ActiveJob] [ActiveStorage::AnalyzeJob] [6bcf6570-5f62-41f0-9e3f-426fe69b12c0]   [1m[36mActiveStorage::Blob Update (1.0ms)[0m  [1m[33mUPDATE "active_storage_blobs" SET "metadata" = ? WHERE "active_storage_blobs"."id" = ?[0m  [["metadata", "{\"identified\":true,\"analyzed\":true}"], ["id", 1]]
[ActiveJob] [ActiveStorage::AnalyzeJob] [6bcf6570-5f62-41f0-9e3f-426fe69b12c0]   [1m[35m (4.4ms)[0m  [1m[36mcommit transaction[0m
[ActiveJob] [ActiveStorage::AnalyzeJob] [6bcf6570-5f62-41f0-9e3f-426fe69b12c0] Performed ActiveStorage::AnalyzeJob (Job ID: 6bcf6570-5f62-41f0-9e3f-426fe69b12c0) from Async(active_storage_analysis) in 34.07ms
Started GET "/" for 127.0.0.1 at 2021-12-07 07:30:46 +0000
Processing by StaticPagesController#home as HTML
  Rendering static_pages/home.html.erb within layouts/application
  Rendered static_pages/home.html.erb within layouts/application (Duration: 0.3ms | Allocations: 40)
[Webpacker] Everything's up-to-date. Nothing to do
  [1m[36mUser Load (0.3ms)[0m  [1m[34mSELECT "users".* FROM "users" WHERE "users"."id" = ? ORDER BY "users"."id" ASC LIMIT ?[0m  [["id", 1], ["LIMIT", 1]]
  ↳ app/views/layouts/application.html.erb:14
Completed 200 OK in 11ms (Views: 9.9ms | ActiveRecord: 0.3ms | Allocations: 4590)


Started GET "/" for 127.0.0.1 at 2021-12-07 07:30:52 +0000
Processing by StaticPagesController#home as HTML
  Rendering static_pages/home.html.erb within layouts/application
  Rendered static_pages/home.html.erb within layouts/application (Duration: 0.2ms | Allocations: 35)
[Webpacker] Everything's up-to-date. Nothing to do
  [1m[36mUser Load (0.1ms)[0m  [1m[34mSELECT "users".* FROM "users" WHERE "users"."id" = ? ORDER BY "users"."id" ASC LIMIT ?[0m  [["id", 1], ["LIMIT", 1]]
  ↳ app/views/layouts/application.html.erb:14
Completed 200 OK in 9ms (Views: 7.8ms | ActiveRecord: 0.1ms | Allocations: 4471)


Started GET "/books" for 127.0.0.1 at 2021-12-07 07:30:57 +0000
Processing by BooksController#index as HTML
  Rendering books/index.html.erb within layouts/application
  [1m[36mBook Load (0.2ms)[0m  [1m[34mSELECT "books".* FROM "books"[0m
  ↳ app/views/books/index.html.erb:15
  Rendered books/index.html.erb within layouts/application (Duration: 6.4ms | Allocations: 1417)
[Webpacker] Everything's up-to-date. Nothing to do
  [1m[36mUser Load (0.1ms)[0m  [1m[34mSELECT "users".* FROM "users" WHERE "users"."id" = ? ORDER BY "users"."id" ASC LIMIT ?[0m  [["id", 1], ["LIMIT", 1]]
  ↳ app/views/layouts/application.html.erb:14
Completed 200 OK in 19ms (Views: 14.7ms | ActiveRecord: 0.7ms | Allocations: 7378)


Started GET "/books/new" for 127.0.0.1 at 2021-12-07 07:31:01 +0000
Processing by BooksController#new as HTML
  Rendering books/new.html.erb within layouts/application
  Rendered books/_form.html.erb (Duration: 8.0ms | Allocations: 1807)
  Rendered books/new.html.erb within layouts/application (Duration: 10.3ms | Allocations: 2137)
[Webpacker] Everything's up-to-date. Nothing to do
  [1m[36mUser Load (0.2ms)[0m  [1m[34mSELECT "users".* FROM "users" WHERE "users"."id" = ? ORDER BY "users"."id" ASC LIMIT ?[0m  [["id", 1], ["LIMIT", 1]]
  ↳ app/views/layouts/application.html.erb:14
Completed 200 OK in 33ms (Views: 20.8ms | ActiveRecord: 0.7ms | Allocations: 9741)


Started POST "/books" for 127.0.0.1 at 2021-12-07 07:31:29 +0000
Processing by BooksController#create as HTML
  Parameters: {"authenticity_token"=>"9D0qI4T3Gx+z76MBGFApq59gZ1+d1jb/Vry7/q4Zz1ArPExFBCNGDRnwBmKJypsfLNQ7zrgLXxycK4ft3yTFTA==", "book"=>{"title"=>"book", "number_of_pages"=>"12", "detail"=>"boook inin kakaka", "image"=>#<ActionDispatch::Http::UploadedFile:0x0000000004e48c30 @tempfile=#<Tempfile:/tmp/RackMultipart20211207-3953-15zmgil.png>, @original_filename="12.png", @content_type="image/png", @headers="Content-Disposition: form-data; name=\"book[image]\"; filename=\"12.png\"\r\nContent-Type: image/png\r\n">}, "commit"=>"Create Book"}
  [1m[35m (0.1ms)[0m  [1m[36mbegin transaction[0m
  ↳ app/controllers/books_controller.rb:27:in `block in create'
  [1m[36mBook Create (0.7ms)[0m  [1m[32mINSERT INTO "books" ("title", "number_of_pages", "created_at", "updated_at", "detail") VALUES (?, ?, ?, ?, ?)[0m  [["title", "book"], ["number_of_pages", 12], ["created_at", "2021-12-07 07:31:29.277414"], ["updated_at", "2021-12-07 07:31:29.277414"], ["detail", "boook inin kakaka"]]
  ↳ app/controllers/books_controller.rb:27:in `block in create'
  [1m[36mActiveStorage::Blob Load (0.3ms)[0m  [1m[34mSELECT "active_storage_blobs".* FROM "active_storage_blobs" INNER JOIN "active_storage_attachments" ON "active_storage_blobs"."id" = "active_storage_attachments"."blob_id" WHERE "active_storage_attachments"."record_id" = ? AND "active_storage_attachments"."record_type" = ? AND "active_storage_attachments"."name" = ? LIMIT ?[0m  [["record_id", 1], ["record_type", "Book"], ["name", "image"], ["LIMIT", 1]]
  ↳ app/controllers/books_controller.rb:27:in `block in create'
  [1m[36mActiveStorage::Attachment Load (0.2ms)[0m  [1m[34mSELECT "active_storage_attachments".* FROM "active_storage_attachments" WHERE "active_storage_attachments"."record_id" = ? AND "active_storage_attachments"."record_type" = ? AND "active_storage_attachments"."name" = ? LIMIT ?[0m  [["record_id", 1], ["record_type", "Book"], ["name", "image"], ["LIMIT", 1]]
  ↳ app/controllers/books_controller.rb:27:in `block in create'
  [1m[36mActiveStorage::Blob Create (0.3ms)[0m  [1m[32mINSERT INTO "active_storage_blobs" ("key", "filename", "content_type", "metadata", "byte_size", "checksum", "created_at") VALUES (?, ?, ?, ?, ?, ?, ?)[0m  [["key", "fn9iqhd2et7qqh8l839mntcm8zi9"], ["filename", "12.png"], ["content_type", "image/png"], ["metadata", "{\"identified\":true}"], ["byte_size", 5941], ["checksum", "gh8m1/DDXsQPk+QpWxm+GQ=="], ["created_at", "2021-12-07 07:31:29.289802"]]
  ↳ app/controllers/books_controller.rb:27:in `block in create'
  [1m[36mActiveStorage::Attachment Create (0.3ms)[0m  [1m[32mINSERT INTO "active_storage_attachments" ("name", "record_type", "record_id", "blob_id", "created_at") VALUES (?, ?, ?, ?, ?)[0m  [["name", "image"], ["record_type", "Book"], ["record_id", 1], ["blob_id", 2], ["created_at", "2021-12-07 07:31:29.292425"]]
  ↳ app/controllers/books_controller.rb:27:in `block in create'
  [1m[36mBook Update (0.2ms)[0m  [1m[33mUPDATE "books" SET "updated_at" = ? WHERE "books"."id" = ?[0m  [["updated_at", "2021-12-07 07:31:29.294514"], ["id", 1]]
  ↳ app/controllers/books_controller.rb:27:in `block in create'
  [1m[35m (5.5ms)[0m  [1m[36mcommit transaction[0m
  ↳ app/controllers/books_controller.rb:27:in `block in create'
[36m  Disk Storage (2.0ms) [0m[32mUploaded file to key: fn9iqhd2et7qqh8l839mntcm8zi9 (checksum: gh8m1/DDXsQPk+QpWxm+GQ==)[0m
[ActiveJob] Enqueued ActiveStorage::AnalyzeJob (Job ID: 39d794f4-af77-47fd-b294-4b11ae879831) to Async(active_storage_analysis) with arguments: #<GlobalID:0x00000000049106f0 @uri=#<URI::GID gid://thefirstrails/ActiveStorage::Blob/2>>
Redirected to https://localhost-phong-ho-ng-1.paiza-user-free.cloud:3000/books/1
Completed 302 Found in 35ms (ActiveRecord: 7.5ms | Allocations: 13981)


  [1m[36mActiveStorage::Blob Load (0.3ms)[0m  [1m[34mSELECT "active_storage_blobs".* FROM "active_storage_blobs" WHERE "active_storage_blobs"."id" = ? LIMIT ?[0m  [["id", 2], ["LIMIT", 1]]
[ActiveJob] [ActiveStorage::AnalyzeJob] [39d794f4-af77-47fd-b294-4b11ae879831] Performing ActiveStorage::AnalyzeJob (Job ID: 39d794f4-af77-47fd-b294-4b11ae879831) from Async(active_storage_analysis) enqueued at 2021-12-07T07:31:29Z with arguments: #<GlobalID:0x000000000443e578 @uri=#<URI::GID gid://thefirstrails/ActiveStorage::Blob/2>>
[ActiveJob] [ActiveStorage::AnalyzeJob] [39d794f4-af77-47fd-b294-4b11ae879831] [36m  Disk Storage (0.1ms) [0m[34mDownloaded file from key: fn9iqhd2et7qqh8l839mntcm8zi9[0m
[ActiveJob] [ActiveStorage::AnalyzeJob] [39d794f4-af77-47fd-b294-4b11ae879831] Skipping image analysis because the mini_magick gem isn't installed
[ActiveJob] [ActiveStorage::AnalyzeJob] [39d794f4-af77-47fd-b294-4b11ae879831]   [1m[35m (0.1ms)[0m  [1m[36mbegin transaction[0m
[ActiveJob] [ActiveStorage::AnalyzeJob] [39d794f4-af77-47fd-b294-4b11ae879831]   [1m[36mActiveStorage::Blob Update (0.4ms)[0m  [1m[33mUPDATE "active_storage_blobs" SET "metadata" = ? WHERE "active_storage_blobs"."id" = ?[0m  [["metadata", "{\"identified\":true,\"analyzed\":true}"], ["id", 2]]
[ActiveJob] [ActiveStorage::AnalyzeJob] [39d794f4-af77-47fd-b294-4b11ae879831]   [1m[35m (2.9ms)[0m  [1m[36mcommit transaction[0m
[ActiveJob] [ActiveStorage::AnalyzeJob] [39d794f4-af77-47fd-b294-4b11ae879831] Performed ActiveStorage::AnalyzeJob (Job ID: 39d794f4-af77-47fd-b294-4b11ae879831) from Async(active_storage_analysis) in 34.21ms
Started GET "/books/1" for 127.0.0.1 at 2021-12-07 07:31:29 +0000
Processing by BooksController#show as HTML
  Parameters: {"id"=>"1"}
  [1m[36mBook Load (0.2ms)[0m  [1m[34mSELECT "books".* FROM "books" WHERE "books"."id" = ? LIMIT ?[0m  [["id", 1], ["LIMIT", 1]]
  ↳ app/controllers/books_controller.rb:62:in `set_book'
  Rendering books/show.html.erb within layouts/application
  [1m[36mActiveStorage::Attachment Load (0.1ms)[0m  [1m[34mSELECT "active_storage_attachments".* FROM "active_storage_attachments" WHERE "active_storage_attachments"."record_id" = ? AND "active_storage_attachments"."record_type" = ? AND "active_storage_attachments"."name" = ? LIMIT ?[0m  [["record_id", 1], ["record_type", "Book"], ["name", "image"], ["LIMIT", 1]]
  ↳ app/views/books/show.html.erb:17
  [1m[36mActiveStorage::Blob Load (0.1ms)[0m  [1m[34mSELECT "active_storage_blobs".* FROM "active_storage_blobs" WHERE "active_storage_blobs"."id" = ? LIMIT ?[0m  [["id", 2], ["LIMIT", 1]]
  ↳ app/views/books/show.html.erb:18
  Rendered books/show.html.erb within layouts/application (Duration: 5.6ms | Allocations: 2604)
[Webpacker] Everything's up-to-date. Nothing to do
  [1m[36mUser Load (0.2ms)[0m  [1m[34mSELECT "users".* FROM "users" WHERE "users"."id" = ? ORDER BY "users"."id" ASC LIMIT ?[0m  [["id", 1], ["LIMIT", 1]]
  ↳ app/views/layouts/application.html.erb:14
Completed 200 OK in 16ms (Views: 13.2ms | ActiveRecord: 0.7ms | Allocations: 7889)


Started GET "/rails/active_storage/blobs/eyJfcmFpbHMiOnsibWVzc2FnZSI6IkJBaHBCdz09IiwiZXhwIjpudWxsLCJwdXIiOiJibG9iX2lkIn19--353e307006bd1d272f7d8c56fc4f7c768291e608/12.png" for 127.0.0.1 at 2021-12-07 07:31:30 +0000
Processing by ActiveStorage::BlobsController#show as PNG
  Parameters: {"signed_id"=>"eyJfcmFpbHMiOnsibWVzc2FnZSI6IkJBaHBCdz09IiwiZXhwIjpudWxsLCJwdXIiOiJibG9iX2lkIn19--353e307006bd1d272f7d8c56fc4f7c768291e608", "filename"=>"12"}
  [1m[36mActiveStorage::Blob Load (0.2ms)[0m  [1m[34mSELECT "active_storage_blobs".* FROM "active_storage_blobs" WHERE "active_storage_blobs"."id" = ? LIMIT ?[0m  [["id", 2], ["LIMIT", 1]]
[36m  Disk Storage (2.7ms) [0m[34mGenerated URL for file at key: fn9iqhd2et7qqh8l839mntcm8zi9 (https://localhost-phong-ho-ng-1.paiza-user-free.cloud:3000/rails/active_storage/disk/eyJfcmFpbHMiOnsibWVzc2FnZSI6IkJBaDdDRG9JYTJWNVNTSWhabTQ1YVhGb1pESmxkRGR4Y1dnNGJEZ3pPVzF1ZEdOdE9IcHBPUVk2QmtWVU9oQmthWE53YjNOcGRHbHZia2tpTjJsdWJHbHVaVHNnWm1sc1pXNWhiV1U5SWpFeUxuQnVaeUk3SUdacGJHVnVZVzFsS2oxVlZFWXRPQ2NuTVRJdWNHNW5CanNHVkRvUlkyOXVkR1Z1ZEY5MGVYQmxTU0lPYVcxaFoyVXZjRzVuQmpzR1ZBPT0iLCJleHAiOiIyMDIxLTEyLTA3VDA3OjM2OjMwLjE5NFoiLCJwdXIiOiJibG9iX2tleSJ9fQ==--efa0978b625af503bc913ee86b16e048d311b765/12.png?content_type=image%2Fpng&disposition=inline%3B+filename%3D%2212.png%22%3B+filename%2A%3DUTF-8%27%2712.png)[0m
Redirected to https://localhost-phong-ho-ng-1.paiza-user-free.cloud:3000/rails/active_storage/disk/eyJfcmFpbHMiOnsibWVzc2FnZSI6IkJBaDdDRG9JYTJWNVNTSWhabTQ1YVhGb1pESmxkRGR4Y1dnNGJEZ3pPVzF1ZEdOdE9IcHBPUVk2QmtWVU9oQmthWE53YjNOcGRHbHZia2tpTjJsdWJHbHVaVHNnWm1sc1pXNWhiV1U5SWpFeUxuQnVaeUk3SUdacGJHVnVZVzFsS2oxVlZFWXRPQ2NuTVRJdWNHNW5CanNHVkRvUlkyOXVkR1Z1ZEY5MGVYQmxTU0lPYVcxaFoyVXZjRzVuQmpzR1ZBPT0iLCJleHAiOiIyMDIxLTEyLTA3VDA3OjM2OjMwLjE5NFoiLCJwdXIiOiJibG9iX2tleSJ9fQ==--efa0978b625af503bc913ee86b16e048d311b765/12.png?content_type=image%2Fpng&disposition=inline%3B+filename%3D%2212.png%22%3B+filename%2A%3DUTF-8%27%2712.png
Completed 302 Found in 18ms (ActiveRecord: 0.2ms | Allocations: 2158)


Started GET "/rails/active_storage/disk/eyJfcmFpbHMiOnsibWVzc2FnZSI6IkJBaDdDRG9JYTJWNVNTSWhabTQ1YVhGb1pESmxkRGR4Y1dnNGJEZ3pPVzF1ZEdOdE9IcHBPUVk2QmtWVU9oQmthWE53YjNOcGRHbHZia2tpTjJsdWJHbHVaVHNnWm1sc1pXNWhiV1U5SWpFeUxuQnVaeUk3SUdacGJHVnVZVzFsS2oxVlZFWXRPQ2NuTVRJdWNHNW5CanNHVkRvUlkyOXVkR1Z1ZEY5MGVYQmxTU0lPYVcxaFoyVXZjRzVuQmpzR1ZBPT0iLCJleHAiOiIyMDIxLTEyLTA3VDA3OjM2OjMwLjE5NFoiLCJwdXIiOiJibG9iX2tleSJ9fQ==--efa0978b625af503bc913ee86b16e048d311b765/12.png?content_type=image%2Fpng&disposition=inline%3B+filename%3D%2212.png%22%3B+filename%2A%3DUTF-8%27%2712.png" for 127.0.0.1 at 2021-12-07 07:31:30 +0000
Processing by ActiveStorage::DiskController#show as PNG
  Parameters: {"content_type"=>"image/png", "disposition"=>"inline; filename=\"12.png\"; filename*=UTF-8''12.png", "encoded_key"=>"eyJfcmFpbHMiOnsibWVzc2FnZSI6IkJBaDdDRG9JYTJWNVNTSWhabTQ1YVhGb1pESmxkRGR4Y1dnNGJEZ3pPVzF1ZEdOdE9IcHBPUVk2QmtWVU9oQmthWE53YjNOcGRHbHZia2tpTjJsdWJHbHVaVHNnWm1sc1pXNWhiV1U5SWpFeUxuQnVaeUk3SUdacGJHVnVZVzFsS2oxVlZFWXRPQ2NuTVRJdWNHNW5CanNHVkRvUlkyOXVkR1Z1ZEY5MGVYQmxTU0lPYVcxaFoyVXZjRzVuQmpzR1ZBPT0iLCJleHAiOiIyMDIxLTEyLTA3VDA3OjM2OjMwLjE5NFoiLCJwdXIiOiJibG9iX2tleSJ9fQ==--efa0978b625af503bc913ee86b16e048d311b765", "filename"=>"12"}
Completed 200 OK in 1ms (ActiveRecord: 0.0ms | Allocations: 406)


Started GET "/" for 127.0.0.1 at 2021-12-07 08:06:07 +0000
  [1m[35m (0.8ms)[0m  [1m[34mSELECT sqlite_version(*)[0m
  [1m[35m (0.2ms)[0m  [1m[34mSELECT "schema_migrations"."version" FROM "schema_migrations" ORDER BY "schema_migrations"."version" ASC[0m
  
ActiveRecord::PendingMigrationError (

Migrations are pending. To resolve this issue, run:

        rails db:migrate RAILS_ENV=development

):
  
activerecord (6.0.4.1) lib/active_record/migration.rb:586:in `check_pending!'
activerecord (6.0.4.1) lib/active_record/migration.rb:564:in `call'
actionpack (6.0.4.1) lib/action_dispatch/middleware/callbacks.rb:27:in `block in call'
activesupport (6.0.4.1) lib/active_support/callbacks.rb:101:in `run_callbacks'
actionpack (6.0.4.1) lib/action_dispatch/middleware/callbacks.rb:26:in `call'
actionpack (6.0.4.1) lib/action_dispatch/middleware/executor.rb:14:in `call'
actionpack (6.0.4.1) lib/action_dispatch/middleware/actionable_exceptions.rb:18:in `call'
actionpack (6.0.4.1) lib/action_dispatch/middleware/debug_exceptions.rb:32:in `call'
web-console (4.2.0) lib/web_console/middleware.rb:132:in `call_app'
web-console (4.2.0) lib/web_console/middleware.rb:28:in `block in call'
web-console (4.2.0) lib/web_console/middleware.rb:17:in `catch'
web-console (4.2.0) lib/web_console/middleware.rb:17:in `call'
actionpack (6.0.4.1) lib/action_dispatch/middleware/show_exceptions.rb:33:in `call'
railties (6.0.4.1) lib/rails/rack/logger.rb:37:in `call_app'
railties (6.0.4.1) lib/rails/rack/logger.rb:26:in `block in call'
activesupport (6.0.4.1) lib/active_support/tagged_logging.rb:80:in `block in tagged'
activesupport (6.0.4.1) lib/active_support/tagged_logging.rb:28:in `tagged'
activesupport (6.0.4.1) lib/active_support/tagged_logging.rb:80:in `tagged'
railties (6.0.4.1) lib/rails/rack/logger.rb:26:in `call'
sprockets-rails (3.4.1) lib/sprockets/rails/quiet_assets.rb:13:in `call'
actionpack (6.0.4.1) lib/action_dispatch/middleware/remote_ip.rb:81:in `call'
actionpack (6.0.4.1) lib/action_dispatch/middleware/request_id.rb:27:in `call'
rack (2.2.3) lib/rack/method_override.rb:24:in `call'
rack (2.2.3) lib/rack/runtime.rb:22:in `call'
activesupport (6.0.4.1) lib/active_support/cache/strategy/local_cache_middleware.rb:29:in `call'
actionpack (6.0.4.1) lib/action_dispatch/middleware/executor.rb:14:in `call'
actionpack (6.0.4.1) lib/action_dispatch/middleware/static.rb:126:in `call'
rack (2.2.3) lib/rack/sendfile.rb:110:in `call'
actionpack (6.0.4.1) lib/action_dispatch/middleware/host_authorization.rb:76:in `call'
webpacker (4.3.0) lib/webpacker/dev_server_proxy.rb:23:in `perform_request'
rack-proxy (0.7.0) lib/rack/proxy.rb:63:in `call'
railties (6.0.4.1) lib/rails/engine.rb:527:in `call'
puma (4.3.10) lib/puma/configuration.rb:228:in `call'
puma (4.3.10) lib/puma/server.rb:718:in `handle_request'
puma (4.3.10) lib/puma/server.rb:472:in `process_client'
puma (4.3.10) lib/puma/server.rb:328:in `block in run'
puma (4.3.10) lib/puma/thread_pool.rb:134:in `block in spawn_thread'
  [1m[35m (0.6ms)[0m  [1m[34mSELECT sqlite_version(*)[0m
  [1m[35m (0.2ms)[0m  [1m[34mSELECT "schema_migrations"."version" FROM "schema_migrations" ORDER BY "schema_migrations"."version" ASC[0m
Migrating to CreateBookReviews (20211207074008)
  [1m[35m (0.1ms)[0m  [1m[36mbegin transaction[0m
  [1m[35m (1.3ms)[0m  [1m[35mCREATE TABLE "book_reviews" ("id" integer PRIMARY KEY AUTOINCREMENT NOT NULL, "user_id" integer, "created_at" datetime(6) NOT NULL, "updated_at" datetime(6) NOT NULL)[0m
  [1m[36mActiveRecord::SchemaMigration Create (0.2ms)[0m  [1m[32mINSERT INTO "schema_migrations" ("version") VALUES (?)[0m  [["version", "20211207074008"]]
  [1m[35m (6.0ms)[0m  [1m[36mcommit transaction[0m
  [1m[36mActiveRecord::InternalMetadata Load (0.2ms)[0m  [1m[34mSELECT "ar_internal_metadata".* FROM "ar_internal_metadata" WHERE "ar_internal_metadata"."key" = ? LIMIT ?[0m  [["key", "environment"], ["LIMIT", 1]]
  [1m[35m (0.1ms)[0m  [1m[34mSELECT sqlite_version(*)[0m
  [1m[35m (0.3ms)[0m  [1m[34mSELECT "schema_migrations"."version" FROM "schema_migrations" ORDER BY "schema_migrations"."version" ASC[0m
Started GET "/" for 127.0.0.1 at 2021-12-07 08:06:35 +0000
  [1m[35m (0.1ms)[0m  [1m[34mSELECT sqlite_version(*)[0m
  [1m[35m (0.1ms)[0m  [1m[34mSELECT "schema_migrations"."version" FROM "schema_migrations" ORDER BY "schema_migrations"."version" ASC[0m
Processing by StaticPagesController#home as HTML
  Rendering static_pages/home.html.erb within layouts/application
  Rendered static_pages/home.html.erb within layouts/application (Duration: 1.1ms | Allocations: 157)
[Webpacker] Everything's up-to-date. Nothing to do
  [1m[36mUser Load (0.2ms)[0m  [1m[34mSELECT "users".* FROM "users" WHERE "users"."id" = ? ORDER BY "users"."id" ASC LIMIT ?[0m  [["id", 1], ["LIMIT", 1]]
  ↳ app/views/layouts/application.html.erb:14
Completed 200 OK in 113ms (Views: 103.8ms | ActiveRecord: 1.2ms | Allocations: 31665)


Started GET "/books" for 127.0.0.1 at 2021-12-07 08:06:44 +0000
Processing by BooksController#index as HTML
  Rendering books/index.html.erb within layouts/application
  [1m[36mBook Load (0.3ms)[0m  [1m[34mSELECT "books".* FROM "books"[0m
  ↳ app/views/books/index.html.erb:15
  Rendered books/index.html.erb within layouts/application (Duration: 10.4ms | Allocations: 4423)
[Webpacker] Everything's up-to-date. Nothing to do
  [1m[36mUser Load (0.1ms)[0m  [1m[34mSELECT "users".* FROM "users" WHERE "users"."id" = ? ORDER BY "users"."id" ASC LIMIT ?[0m  [["id", 1], ["LIMIT", 1]]
  ↳ app/views/layouts/application.html.erb:14
Completed 200 OK in 27ms (Views: 19.2ms | ActiveRecord: 1.0ms | Allocations: 11109)


Started GET "/books/1/edit" for 127.0.0.1 at 2021-12-07 08:06:47 +0000
Processing by BooksController#edit as HTML
  Parameters: {"id"=>"1"}
  [1m[36mBook Load (0.2ms)[0m  [1m[34mSELECT "books".* FROM "books" WHERE "books"."id" = ? LIMIT ?[0m  [["id", 1], ["LIMIT", 1]]
  ↳ app/controllers/books_controller.rb:62:in `set_book'
  Rendering books/edit.html.erb within layouts/application
  Rendered books/_form.html.erb (Duration: 14.1ms | Allocations: 3982)
  Rendered books/edit.html.erb within layouts/application (Duration: 15.7ms | Allocations: 4361)
[Webpacker] Everything's up-to-date. Nothing to do
  [1m[36mUser Load (0.1ms)[0m  [1m[34mSELECT "users".* FROM "users" WHERE "users"."id" = ? ORDER BY "users"."id" ASC LIMIT ?[0m  [["id", 1], ["LIMIT", 1]]
  ↳ app/views/layouts/application.html.erb:14
Completed 200 OK in 27ms (Views: 23.0ms | ActiveRecord: 0.4ms | Allocations: 9657)


Started GET "/books" for 127.0.0.1 at 2021-12-07 08:06:52 +0000
Processing by BooksController#index as HTML
  Rendering books/index.html.erb within layouts/application
  [1m[36mBook Load (0.2ms)[0m  [1m[34mSELECT "books".* FROM "books"[0m
  ↳ app/views/books/index.html.erb:15
  Rendered books/index.html.erb within layouts/application (Duration: 2.3ms | Allocations: 775)
[Webpacker] Everything's up-to-date. Nothing to do
  [1m[36mUser Load (0.2ms)[0m  [1m[34mSELECT "users".* FROM "users" WHERE "users"."id" = ? ORDER BY "users"."id" ASC LIMIT ?[0m  [["id", 1], ["LIMIT", 1]]
  ↳ app/views/layouts/application.html.erb:14
Completed 200 OK in 13ms (Views: 11.8ms | ActiveRecord: 0.3ms | Allocations: 5267)


Started GET "/books/1" for 127.0.0.1 at 2021-12-07 08:06:57 +0000
Processing by BooksController#show as HTML
  Parameters: {"id"=>"1"}
  [1m[36mBook Load (0.1ms)[0m  [1m[34mSELECT "books".* FROM "books" WHERE "books"."id" = ? LIMIT ?[0m  [["id", 1], ["LIMIT", 1]]
  ↳ app/controllers/books_controller.rb:62:in `set_book'
  Rendering books/show.html.erb within layouts/application
  [1m[36mActiveStorage::Attachment Load (0.3ms)[0m  [1m[34mSELECT "active_storage_attachments".* FROM "active_storage_attachments" WHERE "active_storage_attachments"."record_id" = ? AND "active_storage_attachments"."record_type" = ? AND "active_storage_attachments"."name" = ? LIMIT ?[0m  [["record_id", 1], ["record_type", "Book"], ["name", "image"], ["LIMIT", 1]]
  ↳ app/views/books/show.html.erb:17
  [1m[36mActiveStorage::Blob Load (0.2ms)[0m  [1m[34mSELECT "active_storage_blobs".* FROM "active_storage_blobs" WHERE "active_storage_blobs"."id" = ? LIMIT ?[0m  [["id", 2], ["LIMIT", 1]]
  ↳ app/views/books/show.html.erb:18
  Rendered books/show.html.erb within layouts/application (Duration: 67.0ms | Allocations: 18852)
[Webpacker] Everything's up-to-date. Nothing to do
  [1m[36mUser Load (0.2ms)[0m  [1m[34mSELECT "users".* FROM "users" WHERE "users"."id" = ? ORDER BY "users"."id" ASC LIMIT ?[0m  [["id", 1], ["LIMIT", 1]]
  ↳ app/views/layouts/application.html.erb:14
Completed 200 OK in 84ms (Views: 73.1ms | ActiveRecord: 3.1ms | Allocations: 26299)


Started GET "/rails/active_storage/blobs/eyJfcmFpbHMiOnsibWVzc2FnZSI6IkJBaHBCdz09IiwiZXhwIjpudWxsLCJwdXIiOiJibG9iX2lkIn19--353e307006bd1d272f7d8c56fc4f7c768291e608/12.png" for 127.0.0.1 at 2021-12-07 08:06:58 +0000
Processing by ActiveStorage::BlobsController#show as PNG
  Parameters: {"signed_id"=>"eyJfcmFpbHMiOnsibWVzc2FnZSI6IkJBaHBCdz09IiwiZXhwIjpudWxsLCJwdXIiOiJibG9iX2lkIn19--353e307006bd1d272f7d8c56fc4f7c768291e608", "filename"=>"12"}
  [1m[36mActiveStorage::Blob Load (0.2ms)[0m  [1m[34mSELECT "active_storage_blobs".* FROM "active_storage_blobs" WHERE "active_storage_blobs"."id" = ? LIMIT ?[0m  [["id", 2], ["LIMIT", 1]]
[36m  Disk Storage (4.1ms) [0m[34mGenerated URL for file at key: fn9iqhd2et7qqh8l839mntcm8zi9 (https://localhost-phong-ho-ng-1.paiza-user-free.cloud:3000/rails/active_storage/disk/eyJfcmFpbHMiOnsibWVzc2FnZSI6IkJBaDdDRG9JYTJWNVNTSWhabTQ1YVhGb1pESmxkRGR4Y1dnNGJEZ3pPVzF1ZEdOdE9IcHBPUVk2QmtWVU9oQmthWE53YjNOcGRHbHZia2tpTjJsdWJHbHVaVHNnWm1sc1pXNWhiV1U5SWpFeUxuQnVaeUk3SUdacGJHVnVZVzFsS2oxVlZFWXRPQ2NuTVRJdWNHNW5CanNHVkRvUlkyOXVkR1Z1ZEY5MGVYQmxTU0lPYVcxaFoyVXZjRzVuQmpzR1ZBPT0iLCJleHAiOiIyMDIxLTEyLTA3VDA4OjExOjU4LjE1MFoiLCJwdXIiOiJibG9iX2tleSJ9fQ==--468dc0274670d8f1061f2df2b0a885bcf4647bf7/12.png?content_type=image%2Fpng&disposition=inline%3B+filename%3D%2212.png%22%3B+filename%2A%3DUTF-8%27%2712.png)[0m
Redirected to https://localhost-phong-ho-ng-1.paiza-user-free.cloud:3000/rails/active_storage/disk/eyJfcmFpbHMiOnsibWVzc2FnZSI6IkJBaDdDRG9JYTJWNVNTSWhabTQ1YVhGb1pESmxkRGR4Y1dnNGJEZ3pPVzF1ZEdOdE9IcHBPUVk2QmtWVU9oQmthWE53YjNOcGRHbHZia2tpTjJsdWJHbHVaVHNnWm1sc1pXNWhiV1U5SWpFeUxuQnVaeUk3SUdacGJHVnVZVzFsS2oxVlZFWXRPQ2NuTVRJdWNHNW5CanNHVkRvUlkyOXVkR1Z1ZEY5MGVYQmxTU0lPYVcxaFoyVXZjRzVuQmpzR1ZBPT0iLCJleHAiOiIyMDIxLTEyLTA3VDA4OjExOjU4LjE1MFoiLCJwdXIiOiJibG9iX2tleSJ9fQ==--468dc0274670d8f1061f2df2b0a885bcf4647bf7/12.png?content_type=image%2Fpng&disposition=inline%3B+filename%3D%2212.png%22%3B+filename%2A%3DUTF-8%27%2712.png
Completed 302 Found in 10ms (ActiveRecord: 0.2ms | Allocations: 2187)


Started GET "/rails/active_storage/disk/eyJfcmFpbHMiOnsibWVzc2FnZSI6IkJBaDdDRG9JYTJWNVNTSWhabTQ1YVhGb1pESmxkRGR4Y1dnNGJEZ3pPVzF1ZEdOdE9IcHBPUVk2QmtWVU9oQmthWE53YjNOcGRHbHZia2tpTjJsdWJHbHVaVHNnWm1sc1pXNWhiV1U5SWpFeUxuQnVaeUk3SUdacGJHVnVZVzFsS2oxVlZFWXRPQ2NuTVRJdWNHNW5CanNHVkRvUlkyOXVkR1Z1ZEY5MGVYQmxTU0lPYVcxaFoyVXZjRzVuQmpzR1ZBPT0iLCJleHAiOiIyMDIxLTEyLTA3VDA4OjExOjU4LjE1MFoiLCJwdXIiOiJibG9iX2tleSJ9fQ==--468dc0274670d8f1061f2df2b0a885bcf4647bf7/12.png?content_type=image%2Fpng&disposition=inline%3B+filename%3D%2212.png%22%3B+filename%2A%3DUTF-8%27%2712.png" for 127.0.0.1 at 2021-12-07 08:06:58 +0000
Processing by ActiveStorage::DiskController#show as PNG
  Parameters: {"content_type"=>"image/png", "disposition"=>"inline; filename=\"12.png\"; filename*=UTF-8''12.png", "encoded_key"=>"eyJfcmFpbHMiOnsibWVzc2FnZSI6IkJBaDdDRG9JYTJWNVNTSWhabTQ1YVhGb1pESmxkRGR4Y1dnNGJEZ3pPVzF1ZEdOdE9IcHBPUVk2QmtWVU9oQmthWE53YjNOcGRHbHZia2tpTjJsdWJHbHVaVHNnWm1sc1pXNWhiV1U5SWpFeUxuQnVaeUk3SUdacGJHVnVZVzFsS2oxVlZFWXRPQ2NuTVRJdWNHNW5CanNHVkRvUlkyOXVkR1Z1ZEY5MGVYQmxTU0lPYVcxaFoyVXZjRzVuQmpzR1ZBPT0iLCJleHAiOiIyMDIxLTEyLTA3VDA4OjExOjU4LjE1MFoiLCJwdXIiOiJibG9iX2tleSJ9fQ==--468dc0274670d8f1061f2df2b0a885bcf4647bf7", "filename"=>"12"}
Completed 200 OK in 2ms (ActiveRecord: 0.0ms | Allocations: 410)


Started POST "/book_reviews" for 127.0.0.1 at 2021-12-07 08:07:09 +0000
Processing by BookReviewsController#create as HTML
  Parameters: {"authenticity_token"=>"mx7MZ7zSojYxhs0oXUUiDsvfdL80vkXjEBpeOzmqS1nEFjsO3ci48ggRq0YX34JjCDaq+aqU/iEev5ha+JBwgw==", "book_review"=>{"review"=>"five star", "book_id"=>"1"}, "commit"=>"Create Book review"}
[31mUnpermitted parameters: :review, :book_id[0m
  [1m[36mUser Load (0.2ms)[0m  [1m[34mSELECT "users".* FROM "users" WHERE "users"."id" = ? ORDER BY "users"."id" ASC LIMIT ?[0m  [["id", 1], ["LIMIT", 1]]
  ↳ app/controllers/book_reviews_controller.rb:25:in `create'
  [1m[35m (0.1ms)[0m  [1m[36mbegin transaction[0m
  ↳ app/controllers/book_reviews_controller.rb:27:in `block in create'
  [1m[36mBookReview Create (0.3ms)[0m  [1m[32mINSERT INTO "book_reviews" ("user_id", "created_at", "updated_at") VALUES (?, ?, ?)[0m  [["user_id", 1], ["created_at", "2021-12-07 08:07:09.387906"], ["updated_at", "2021-12-07 08:07:09.387906"]]
  ↳ app/controllers/book_reviews_controller.rb:27:in `block in create'
  [1m[35m (5.7ms)[0m  [1m[36mcommit transaction[0m
  ↳ app/controllers/book_reviews_controller.rb:27:in `block in create'
Redirected to https://localhost-phong-ho-ng-1.paiza-user-free.cloud:3000/book_reviews/1
Completed 302 Found in 15ms (ActiveRecord: 6.3ms | Allocations: 4763)


Started GET "/book_reviews/1" for 127.0.0.1 at 2021-12-07 08:07:09 +0000
Processing by BookReviewsController#show as HTML
  Parameters: {"id"=>"1"}
  [1m[36mBookReview Load (0.2ms)[0m  [1m[34mSELECT "book_reviews".* FROM "book_reviews" WHERE "book_reviews"."id" = ? LIMIT ?[0m  [["id", 1], ["LIMIT", 1]]
  ↳ app/controllers/book_reviews_controller.rb:62:in `set_book_review'
  Rendering book_reviews/show.html.erb within layouts/application
  Rendered book_reviews/show.html.erb within layouts/application (Duration: 1.2ms | Allocations: 228)
[Webpacker] Everything's up-to-date. Nothing to do
  [1m[36mUser Load (0.1ms)[0m  [1m[34mSELECT "users".* FROM "users" WHERE "users"."id" = ? ORDER BY "users"."id" ASC LIMIT ?[0m  [["id", 1], ["LIMIT", 1]]
  ↳ app/views/layouts/application.html.erb:14
Completed 200 OK in 13ms (Views: 10.2ms | ActiveRecord: 0.4ms | Allocations: 6059)


Started GET "/book_reviews" for 127.0.0.1 at 2021-12-07 08:07:18 +0000
Processing by BookReviewsController#index as HTML
  Rendering book_reviews/index.html.erb within layouts/application
  [1m[36mBookReview Load (0.2ms)[0m  [1m[34mSELECT "book_reviews".* FROM "book_reviews"[0m
  ↳ app/views/book_reviews/index.html.erb:14
  Rendered book_reviews/index.html.erb within layouts/application (Duration: 3.0ms | Allocations: 1008)
[Webpacker] Everything's up-to-date. Nothing to do
  [1m[36mUser Load (0.2ms)[0m  [1m[34mSELECT "users".* FROM "users" WHERE "users"."id" = ? ORDER BY "users"."id" ASC LIMIT ?[0m  [["id", 1], ["LIMIT", 1]]
  ↳ app/views/layouts/application.html.erb:14
Completed 200 OK in 14ms (Views: 12.3ms | ActiveRecord: 0.4ms | Allocations: 5633)


Started GET "/book_reviews/1" for 127.0.0.1 at 2021-12-07 08:07:36 +0000
Processing by BookReviewsController#show as HTML
  Parameters: {"id"=>"1"}
  [1m[36mBookReview Load (0.1ms)[0m  [1m[34mSELECT "book_reviews".* FROM "book_reviews" WHERE "book_reviews"."id" = ? LIMIT ?[0m  [["id", 1], ["LIMIT", 1]]
  ↳ app/controllers/book_reviews_controller.rb:62:in `set_book_review'
  Rendering book_reviews/show.html.erb within layouts/application
  Rendered book_reviews/show.html.erb within layouts/application (Duration: 0.3ms | Allocations: 78)
[Webpacker] Everything's up-to-date. Nothing to do
  [1m[36mUser Load (0.1ms)[0m  [1m[34mSELECT "users".* FROM "users" WHERE "users"."id" = ? ORDER BY "users"."id" ASC LIMIT ?[0m  [["id", 1], ["LIMIT", 1]]
  ↳ app/views/layouts/application.html.erb:14
Completed 200 OK in 10ms (Views: 7.7ms | ActiveRecord: 0.3ms | Allocations: 5085)


Started GET "/book_reviews" for 127.0.0.1 at 2021-12-07 08:07:40 +0000
Processing by BookReviewsController#index as HTML
  Rendering book_reviews/index.html.erb within layouts/application
  [1m[36mBookReview Load (0.2ms)[0m  [1m[34mSELECT "book_reviews".* FROM "book_reviews"[0m
  ↳ app/views/book_reviews/index.html.erb:14
  Rendered book_reviews/index.html.erb within layouts/application (Duration: 2.3ms | Allocations: 758)
[Webpacker] Everything's up-to-date. Nothing to do
  [1m[36mUser Load (0.1ms)[0m  [1m[34mSELECT "users".* FROM "users" WHERE "users"."id" = ? ORDER BY "users"."id" ASC LIMIT ?[0m  [["id", 1], ["LIMIT", 1]]
  ↳ app/views/layouts/application.html.erb:14
Completed 200 OK in 12ms (Views: 10.7ms | ActiveRecord: 0.3ms | Allocations: 5239)


Started GET "/book_reviews/1" for 127.0.0.1 at 2021-12-07 08:07:47 +0000
Processing by BookReviewsController#show as HTML
  Parameters: {"id"=>"1"}
  [1m[36mBookReview Load (0.1ms)[0m  [1m[34mSELECT "book_reviews".* FROM "book_reviews" WHERE "book_reviews"."id" = ? LIMIT ?[0m  [["id", 1], ["LIMIT", 1]]
  ↳ app/controllers/book_reviews_controller.rb:62:in `set_book_review'
  Rendering book_reviews/show.html.erb within layouts/application
  Rendered book_reviews/show.html.erb within layouts/application (Duration: 0.3ms | Allocations: 76)
[Webpacker] Everything's up-to-date. Nothing to do
  [1m[36mUser Load (0.1ms)[0m  [1m[34mSELECT "users".* FROM "users" WHERE "users"."id" = ? ORDER BY "users"."id" ASC LIMIT ?[0m  [["id", 1], ["LIMIT", 1]]
  ↳ app/views/layouts/application.html.erb:14
Completed 200 OK in 9ms (Views: 7.1ms | ActiveRecord: 0.2ms | Allocations: 5086)


Started GET "/book_reviews" for 127.0.0.1 at 2021-12-07 08:07:53 +0000
Processing by BookReviewsController#index as HTML
  Rendering book_reviews/index.html.erb within layouts/application
  [1m[36mBookReview Load (0.2ms)[0m  [1m[34mSELECT "book_reviews".* FROM "book_reviews"[0m
  ↳ app/views/book_reviews/index.html.erb:14
  Rendered book_reviews/index.html.erb within layouts/application (Duration: 2.4ms | Allocations: 758)
[Webpacker] Everything's up-to-date. Nothing to do
  [1m[36mUser Load (0.2ms)[0m  [1m[34mSELECT "users".* FROM "users" WHERE "users"."id" = ? ORDER BY "users"."id" ASC LIMIT ?[0m  [["id", 1], ["LIMIT", 1]]
  ↳ app/views/layouts/application.html.erb:14
Completed 200 OK in 15ms (Views: 13.4ms | ActiveRecord: 0.4ms | Allocations: 5255)


Started DELETE "/book_reviews/1" for 127.0.0.1 at 2021-12-07 08:07:58 +0000
Processing by BookReviewsController#destroy as HTML
  Parameters: {"authenticity_token"=>"5jpXXKM6datEIgdvTYAt06aTfKJgASkBGZLxqdv32KlB64Av1YAW1w+mbyL7zrdWC0Qdy0sX8/BMSLoNcfm0JA==", "id"=>"1"}
  [1m[36mBookReview Load (0.2ms)[0m  [1m[34mSELECT "book_reviews".* FROM "book_reviews" WHERE "book_reviews"."id" = ? LIMIT ?[0m  [["id", 1], ["LIMIT", 1]]
  ↳ app/controllers/book_reviews_controller.rb:62:in `set_book_review'
  [1m[35m (0.1ms)[0m  [1m[36mbegin transaction[0m
  ↳ app/controllers/book_reviews_controller.rb:52:in `destroy'
  [1m[36mBookReview Destroy (0.4ms)[0m  [1m[31mDELETE FROM "book_reviews" WHERE "book_reviews"."id" = ?[0m  [["id", 1]]
  ↳ app/controllers/book_reviews_controller.rb:52:in `destroy'
  [1m[35m (7.0ms)[0m  [1m[36mcommit transaction[0m
  ↳ app/controllers/book_reviews_controller.rb:52:in `destroy'
Redirected to https://localhost-phong-ho-ng-1.paiza-user-free.cloud:3000/book_reviews
Completed 302 Found in 17ms (ActiveRecord: 7.7ms | Allocations: 3713)


Started GET "/book_reviews" for 127.0.0.1 at 2021-12-07 08:07:58 +0000
Processing by BookReviewsController#index as HTML
  Rendering book_reviews/index.html.erb within layouts/application
  [1m[36mBookReview Load (0.1ms)[0m  [1m[34mSELECT "book_reviews".* FROM "book_reviews"[0m
  ↳ app/views/book_reviews/index.html.erb:14
  Rendered book_reviews/index.html.erb within layouts/application (Duration: 1.6ms | Allocations: 639)
[Webpacker] Everything's up-to-date. Nothing to do
  [1m[36mUser Load (0.2ms)[0m  [1m[34mSELECT "users".* FROM "users" WHERE "users"."id" = ? ORDER BY "users"."id" ASC LIMIT ?[0m  [["id", 1], ["LIMIT", 1]]
  ↳ app/views/layouts/application.html.erb:14
Completed 200 OK in 16ms (Views: 14.8ms | ActiveRecord: 0.3ms | Allocations: 5159)


Started GET "/book_reviews/new" for 127.0.0.1 at 2021-12-07 08:08:01 +0000
Processing by BookReviewsController#new as HTML
  Rendering book_reviews/new.html.erb within layouts/application
  Rendered book_reviews/_form.html.erb (Duration: 3.1ms | Allocations: 816)
  Rendered book_reviews/new.html.erb within layouts/application (Duration: 4.8ms | Allocations: 1142)
[Webpacker] Everything's up-to-date. Nothing to do
  [1m[36mUser Load (0.2ms)[0m  [1m[34mSELECT "users".* FROM "users" WHERE "users"."id" = ? ORDER BY "users"."id" ASC LIMIT ?[0m  [["id", 1], ["LIMIT", 1]]
  ↳ app/views/layouts/application.html.erb:14
Completed 200 OK in 17ms (Views: 15.3ms | ActiveRecord: 0.2ms | Allocations: 5767)


Started GET "/book_reviews" for 127.0.0.1 at 2021-12-07 08:08:03 +0000
Processing by BookReviewsController#index as HTML
  Rendering book_reviews/index.html.erb within layouts/application
  [1m[36mBookReview Load (0.2ms)[0m  [1m[34mSELECT "book_reviews".* FROM "book_reviews"[0m
  ↳ app/views/book_reviews/index.html.erb:14
  Rendered book_reviews/index.html.erb within layouts/application (Duration: 2.7ms | Allocations: 639)
[Webpacker] Everything's up-to-date. Nothing to do
  [1m[36mUser Load (0.2ms)[0m  [1m[34mSELECT "users".* FROM "users" WHERE "users"."id" = ? ORDER BY "users"."id" ASC LIMIT ?[0m  [["id", 1], ["LIMIT", 1]]
  ↳ app/views/layouts/application.html.erb:14
Completed 200 OK in 18ms (Views: 15.8ms | ActiveRecord: 0.4ms | Allocations: 5113)


Started GET "/" for 127.0.0.1 at 2021-12-07 08:08:07 +0000
Processing by StaticPagesController#home as HTML
  Rendering static_pages/home.html.erb within layouts/application
  Rendered static_pages/home.html.erb within layouts/application (Duration: 0.4ms | Allocations: 39)
[Webpacker] Everything's up-to-date. Nothing to do
  [1m[36mUser Load (0.2ms)[0m  [1m[34mSELECT "users".* FROM "users" WHERE "users"."id" = ? ORDER BY "users"."id" ASC LIMIT ?[0m  [["id", 1], ["LIMIT", 1]]
  ↳ app/views/layouts/application.html.erb:14
Completed 200 OK in 14ms (Views: 12.5ms | ActiveRecord: 0.2ms | Allocations: 4515)


Started GET "/books" for 127.0.0.1 at 2021-12-07 08:08:09 +0000
Processing by BooksController#index as HTML
  Rendering books/index.html.erb within layouts/application
  [1m[36mBook Load (0.2ms)[0m  [1m[34mSELECT "books".* FROM "books"[0m
  ↳ app/views/books/index.html.erb:15
  Rendered books/index.html.erb within layouts/application (Duration: 2.8ms | Allocations: 772)
[Webpacker] Everything's up-to-date. Nothing to do
  [1m[36mUser Load (0.1ms)[0m  [1m[34mSELECT "users".* FROM "users" WHERE "users"."id" = ? ORDER BY "users"."id" ASC LIMIT ?[0m  [["id", 1], ["LIMIT", 1]]
  ↳ app/views/layouts/application.html.erb:14
Completed 200 OK in 16ms (Views: 14.2ms | ActiveRecord: 0.3ms | Allocations: 5261)


Started GET "/books/1" for 127.0.0.1 at 2021-12-07 08:08:14 +0000
Processing by BooksController#show as HTML
  Parameters: {"id"=>"1"}
  [1m[36mBook Load (0.1ms)[0m  [1m[34mSELECT "books".* FROM "books" WHERE "books"."id" = ? LIMIT ?[0m  [["id", 1], ["LIMIT", 1]]
  ↳ app/controllers/books_controller.rb:62:in `set_book'
  Rendering books/show.html.erb within layouts/application
  [1m[36mActiveStorage::Attachment Load (0.1ms)[0m  [1m[34mSELECT "active_storage_attachments".* FROM "active_storage_attachments" WHERE "active_storage_attachments"."record_id" = ? AND "active_storage_attachments"."record_type" = ? AND "active_storage_attachments"."name" = ? LIMIT ?[0m  [["record_id", 1], ["record_type", "Book"], ["name", "image"], ["LIMIT", 1]]
  ↳ app/views/books/show.html.erb:17
  [1m[36mActiveStorage::Blob Load (0.1ms)[0m  [1m[34mSELECT "active_storage_blobs".* FROM "active_storage_blobs" WHERE "active_storage_blobs"."id" = ? LIMIT ?[0m  [["id", 2], ["LIMIT", 1]]
  ↳ app/views/books/show.html.erb:18
  Rendered books/show.html.erb within layouts/application (Duration: 5.4ms | Allocations: 2517)
[Webpacker] Everything's up-to-date. Nothing to do
  [1m[36mUser Load (0.1ms)[0m  [1m[34mSELECT "users".* FROM "users" WHERE "users"."id" = ? ORDER BY "users"."id" ASC LIMIT ?[0m  [["id", 1], ["LIMIT", 1]]
  ↳ app/views/layouts/application.html.erb:14
Completed 200 OK in 14ms (Views: 12.0ms | ActiveRecord: 0.5ms | Allocations: 7535)


Started GET "/rails/active_storage/disk/eyJfcmFpbHMiOnsibWVzc2FnZSI6IkJBaDdDRG9JYTJWNVNTSWhabTQ1YVhGb1pESmxkRGR4Y1dnNGJEZ3pPVzF1ZEdOdE9IcHBPUVk2QmtWVU9oQmthWE53YjNOcGRHbHZia2tpTjJsdWJHbHVaVHNnWm1sc1pXNWhiV1U5SWpFeUxuQnVaeUk3SUdacGJHVnVZVzFsS2oxVlZFWXRPQ2NuTVRJdWNHNW5CanNHVkRvUlkyOXVkR1Z1ZEY5MGVYQmxTU0lPYVcxaFoyVXZjRzVuQmpzR1ZBPT0iLCJleHAiOiIyMDIxLTEyLTA3VDA4OjExOjU4LjE1MFoiLCJwdXIiOiJibG9iX2tleSJ9fQ==--468dc0274670d8f1061f2df2b0a885bcf4647bf7/12.png?content_type=image%2Fpng&disposition=inline%3B+filename%3D%2212.png%22%3B+filename%2A%3DUTF-8%27%2712.png" for 127.0.0.1 at 2021-12-07 08:08:14 +0000
Processing by ActiveStorage::DiskController#show as PNG
  Parameters: {"content_type"=>"image/png", "disposition"=>"inline; filename=\"12.png\"; filename*=UTF-8''12.png", "encoded_key"=>"eyJfcmFpbHMiOnsibWVzc2FnZSI6IkJBaDdDRG9JYTJWNVNTSWhabTQ1YVhGb1pESmxkRGR4Y1dnNGJEZ3pPVzF1ZEdOdE9IcHBPUVk2QmtWVU9oQmthWE53YjNOcGRHbHZia2tpTjJsdWJHbHVaVHNnWm1sc1pXNWhiV1U5SWpFeUxuQnVaeUk3SUdacGJHVnVZVzFsS2oxVlZFWXRPQ2NuTVRJdWNHNW5CanNHVkRvUlkyOXVkR1Z1ZEY5MGVYQmxTU0lPYVcxaFoyVXZjRzVuQmpzR1ZBPT0iLCJleHAiOiIyMDIxLTEyLTA3VDA4OjExOjU4LjE1MFoiLCJwdXIiOiJibG9iX2tleSJ9fQ==--468dc0274670d8f1061f2df2b0a885bcf4647bf7", "filename"=>"12"}
Completed 304 Not Modified in 1ms (ActiveRecord: 0.0ms | Allocations: 366)


Started POST "/book_reviews" for 127.0.0.1 at 2021-12-07 08:08:21 +0000
Processing by BookReviewsController#create as HTML
  Parameters: {"authenticity_token"=>"YbSr5WXQdqYfW2PutNk0UUH+73PED/LOXT/90WrZ+ro+vFyMBMpsYibMBYD+Q5Q8ghcxNVolSQxTmjuwq+PBYA==", "book_review"=>{"review"=>"hehehe", "book_id"=>"1"}, "commit"=>"Create Book review"}
[31mUnpermitted parameters: :review, :book_id[0m
  [1m[36mUser Load (0.2ms)[0m  [1m[34mSELECT "users".* FROM "users" WHERE "users"."id" = ? ORDER BY "users"."id" ASC LIMIT ?[0m  [["id", 1], ["LIMIT", 1]]
  ↳ app/controllers/book_reviews_controller.rb:25:in `create'
  [1m[35m (0.1ms)[0m  [1m[36mbegin transaction[0m
  ↳ app/controllers/book_reviews_controller.rb:27:in `block in create'
  [1m[36mBookReview Create (0.4ms)[0m  [1m[32mINSERT INTO "book_reviews" ("user_id", "created_at", "updated_at") VALUES (?, ?, ?)[0m  [["user_id", 1], ["created_at", "2021-12-07 08:08:21.725417"], ["updated_at", "2021-12-07 08:08:21.725417"]]
  ↳ app/controllers/book_reviews_controller.rb:27:in `block in create'
  [1m[35m (4.8ms)[0m  [1m[36mcommit transaction[0m
  ↳ app/controllers/book_reviews_controller.rb:27:in `block in create'
Redirected to https://localhost-phong-ho-ng-1.paiza-user-free.cloud:3000/book_reviews/2
Completed 302 Found in 18ms (ActiveRecord: 5.5ms | Allocations: 4438)


Started GET "/book_reviews/2" for 127.0.0.1 at 2021-12-07 08:08:21 +0000
Processing by BookReviewsController#show as HTML
  Parameters: {"id"=>"2"}
  [1m[36mBookReview Load (0.2ms)[0m  [1m[34mSELECT "book_reviews".* FROM "book_reviews" WHERE "book_reviews"."id" = ? LIMIT ?[0m  [["id", 2], ["LIMIT", 1]]
  ↳ app/controllers/book_reviews_controller.rb:62:in `set_book_review'
  Rendering book_reviews/show.html.erb within layouts/application
  Rendered book_reviews/show.html.erb within layouts/application (Duration: 0.4ms | Allocations: 79)
[Webpacker] Everything's up-to-date. Nothing to do
  [1m[36mUser Load (0.2ms)[0m  [1m[34mSELECT "users".* FROM "users" WHERE "users"."id" = ? ORDER BY "users"."id" ASC LIMIT ?[0m  [["id", 1], ["LIMIT", 1]]
  ↳ app/views/layouts/application.html.erb:14
Completed 200 OK in 13ms (Views: 10.3ms | ActiveRecord: 0.3ms | Allocations: 5106)


Started GET "/book_reviews" for 127.0.0.1 at 2021-12-07 08:08:34 +0000
Processing by BookReviewsController#index as HTML
  Rendering book_reviews/index.html.erb within layouts/application
  [1m[36mBookReview Load (0.2ms)[0m  [1m[34mSELECT "book_reviews".* FROM "book_reviews"[0m
  ↳ app/views/book_reviews/index.html.erb:14
  Rendered book_reviews/index.html.erb within layouts/application (Duration: 2.7ms | Allocations: 760)
[Webpacker] Everything's up-to-date. Nothing to do
  [1m[36mUser Load (0.2ms)[0m  [1m[34mSELECT "users".* FROM "users" WHERE "users"."id" = ? ORDER BY "users"."id" ASC LIMIT ?[0m  [["id", 1], ["LIMIT", 1]]
  ↳ app/views/layouts/application.html.erb:14
Completed 200 OK in 15ms (Views: 13.2ms | ActiveRecord: 0.4ms | Allocations: 5248)


Started GET "/book_reviews/2/edit" for 127.0.0.1 at 2021-12-07 08:08:42 +0000
Processing by BookReviewsController#edit as HTML
  Parameters: {"id"=>"2"}
  [1m[36mBookReview Load (0.2ms)[0m  [1m[34mSELECT "book_reviews".* FROM "book_reviews" WHERE "book_reviews"."id" = ? LIMIT ?[0m  [["id", 2], ["LIMIT", 1]]
  ↳ app/controllers/book_reviews_controller.rb:62:in `set_book_review'
  Rendering book_reviews/edit.html.erb within layouts/application
  Rendered book_reviews/_form.html.erb (Duration: 2.1ms | Allocations: 570)
  Rendered book_reviews/edit.html.erb within layouts/application (Duration: 3.7ms | Allocations: 810)
[Webpacker] Everything's up-to-date. Nothing to do
  [1m[36mUser Load (0.3ms)[0m  [1m[34mSELECT "users".* FROM "users" WHERE "users"."id" = ? ORDER BY "users"."id" ASC LIMIT ?[0m  [["id", 1], ["LIMIT", 1]]
  ↳ app/views/layouts/application.html.erb:14
Completed 200 OK in 19ms (Views: 14.9ms | ActiveRecord: 0.5ms | Allocations: 5958)


Started GET "/book_reviews" for 127.0.0.1 at 2021-12-07 08:08:45 +0000
Processing by BookReviewsController#index as HTML
  Rendering book_reviews/index.html.erb within layouts/application
  [1m[36mBookReview Load (0.2ms)[0m  [1m[34mSELECT "book_reviews".* FROM "book_reviews"[0m
  ↳ app/views/book_reviews/index.html.erb:14
  Rendered book_reviews/index.html.erb within layouts/application (Duration: 3.1ms | Allocations: 761)
[Webpacker] Everything's up-to-date. Nothing to do
  [1m[36mUser Load (0.3ms)[0m  [1m[34mSELECT "users".* FROM "users" WHERE "users"."id" = ? ORDER BY "users"."id" ASC LIMIT ?[0m  [["id", 1], ["LIMIT", 1]]
  ↳ app/views/layouts/application.html.erb:14
Completed 200 OK in 24ms (Views: 22.3ms | ActiveRecord: 0.5ms | Allocations: 5246)


Started GET "/book_reviews/2/edit" for 127.0.0.1 at 2021-12-07 08:08:48 +0000
Processing by BookReviewsController#edit as HTML
  Parameters: {"id"=>"2"}
  [1m[36mBookReview Load (0.1ms)[0m  [1m[34mSELECT "book_reviews".* FROM "book_reviews" WHERE "book_reviews"."id" = ? LIMIT ?[0m  [["id", 2], ["LIMIT", 1]]
  ↳ app/controllers/book_reviews_controller.rb:62:in `set_book_review'
  Rendering book_reviews/edit.html.erb within layouts/application
  Rendered book_reviews/_form.html.erb (Duration: 1.3ms | Allocations: 551)
  Rendered book_reviews/edit.html.erb within layouts/application (Duration: 1.6ms | Allocations: 663)
[Webpacker] Everything's up-to-date. Nothing to do
  [1m[36mUser Load (0.1ms)[0m  [1m[34mSELECT "users".* FROM "users" WHERE "users"."id" = ? ORDER BY "users"."id" ASC LIMIT ?[0m  [["id", 1], ["LIMIT", 1]]
  ↳ app/views/layouts/application.html.erb:14
Completed 200 OK in 11ms (Views: 8.4ms | ActiveRecord: 0.2ms | Allocations: 5680)


Started PATCH "/book_reviews/2" for 127.0.0.1 at 2021-12-07 08:08:53 +0000
Processing by BookReviewsController#update as HTML
  Parameters: {"authenticity_token"=>"LDQ11+gcmXHZn9PohNFRGlyl2BdITKYS4Y7suPXL+3skL4zlI8lSno6lsjrc8PDr/dQkfEB1E21BwcS5hgOG4w==", "book_review"=>{"user_id"=>"1"}, "commit"=>"Update Book review", "id"=>"2"}
  [1m[36mBookReview Load (0.2ms)[0m  [1m[34mSELECT "book_reviews".* FROM "book_reviews" WHERE "book_reviews"."id" = ? LIMIT ?[0m  [["id", 2], ["LIMIT", 1]]
  ↳ app/controllers/book_reviews_controller.rb:62:in `set_book_review'
Redirected to https://localhost-phong-ho-ng-1.paiza-user-free.cloud:3000/book_reviews/2
Completed 302 Found in 4ms (ActiveRecord: 0.2ms | Allocations: 1179)


Started GET "/book_reviews/2" for 127.0.0.1 at 2021-12-07 08:08:53 +0000
Processing by BookReviewsController#show as HTML
  Parameters: {"id"=>"2"}
  [1m[36mBookReview Load (0.2ms)[0m  [1m[34mSELECT "book_reviews".* FROM "book_reviews" WHERE "book_reviews"."id" = ? LIMIT ?[0m  [["id", 2], ["LIMIT", 1]]
  ↳ app/controllers/book_reviews_controller.rb:62:in `set_book_review'
  Rendering book_reviews/show.html.erb within layouts/application
  Rendered book_reviews/show.html.erb within layouts/application (Duration: 0.5ms | Allocations: 78)
[Webpacker] Everything's up-to-date. Nothing to do
  [1m[36mUser Load (0.2ms)[0m  [1m[34mSELECT "users".* FROM "users" WHERE "users"."id" = ? ORDER BY "users"."id" ASC LIMIT ?[0m  [["id", 1], ["LIMIT", 1]]
  ↳ app/views/layouts/application.html.erb:14
Completed 200 OK in 16ms (Views: 12.3ms | ActiveRecord: 0.4ms | Allocations: 5111)


Started GET "/book_reviews" for 127.0.0.1 at 2021-12-07 08:08:56 +0000
Processing by BookReviewsController#index as HTML
  Rendering book_reviews/index.html.erb within layouts/application
  [1m[36mBookReview Load (0.2ms)[0m  [1m[34mSELECT "book_reviews".* FROM "book_reviews"[0m
  ↳ app/views/book_reviews/index.html.erb:14
  Rendered book_reviews/index.html.erb within layouts/application (Duration: 2.1ms | Allocations: 758)
[Webpacker] Everything's up-to-date. Nothing to do
  [1m[36mUser Load (0.2ms)[0m  [1m[34mSELECT "users".* FROM "users" WHERE "users"."id" = ? ORDER BY "users"."id" ASC LIMIT ?[0m  [["id", 1], ["LIMIT", 1]]
  ↳ app/views/layouts/application.html.erb:14
Completed 200 OK in 11ms (Views: 10.1ms | ActiveRecord: 0.4ms | Allocations: 5229)


Started GET "/" for 127.0.0.1 at 2021-12-07 08:09:00 +0000
Processing by StaticPagesController#home as HTML
  Rendering static_pages/home.html.erb within layouts/application
  Rendered static_pages/home.html.erb within layouts/application (Duration: 0.3ms | Allocations: 39)
[Webpacker] Everything's up-to-date. Nothing to do
  [1m[36mUser Load (0.2ms)[0m  [1m[34mSELECT "users".* FROM "users" WHERE "users"."id" = ? ORDER BY "users"."id" ASC LIMIT ?[0m  [["id", 1], ["LIMIT", 1]]
  ↳ app/views/layouts/application.html.erb:14
Completed 200 OK in 12ms (Views: 10.8ms | ActiveRecord: 0.2ms | Allocations: 4516)


  [1m[35m (0.5ms)[0m  [1m[34mSELECT sqlite_version(*)[0m
  [1m[35m (0.3ms)[0m  [1m[34mSELECT "schema_migrations"."version" FROM "schema_migrations" ORDER BY "schema_migrations"."version" ASC[0m
  [1m[36mActiveRecord::InternalMetadata Load (0.4ms)[0m  [1m[34mSELECT "ar_internal_metadata".* FROM "ar_internal_metadata" WHERE "ar_internal_metadata"."key" = ? LIMIT ?[0m  [["key", "environment"], ["LIMIT", 1]]
  [1m[35m (0.1ms)[0m  [1m[34mSELECT sqlite_version(*)[0m
  [1m[35m (0.1ms)[0m  [1m[34mSELECT "schema_migrations"."version" FROM "schema_migrations" ORDER BY "schema_migrations"."version" ASC[0m
Started GET "/" for 127.0.0.1 at 2021-12-07 08:10:37 +0000
  [1m[35m (0.6ms)[0m  [1m[34mSELECT sqlite_version(*)[0m
  [1m[35m (0.2ms)[0m  [1m[34mSELECT "schema_migrations"."version" FROM "schema_migrations" ORDER BY "schema_migrations"."version" ASC[0m
Processing by StaticPagesController#home as HTML
  Rendering static_pages/home.html.erb within layouts/application
  Rendered static_pages/home.html.erb within layouts/application (Duration: 2.0ms | Allocations: 272)
[Webpacker] Everything's up-to-date. Nothing to do
  [1m[36mUser Load (0.3ms)[0m  [1m[34mSELECT "users".* FROM "users" WHERE "users"."id" = ? ORDER BY "users"."id" ASC LIMIT ?[0m  [["id", 1], ["LIMIT", 1]]
  ↳ app/views/layouts/application.html.erb:14
Completed 200 OK in 64ms (Views: 52.8ms | ActiveRecord: 1.3ms | Allocations: 16801)


Started GET "/books" for 127.0.0.1 at 2021-12-07 08:10:40 +0000
Processing by BooksController#index as HTML
  Rendering books/index.html.erb within layouts/application
  [1m[36mBook Load (0.3ms)[0m  [1m[34mSELECT "books".* FROM "books"[0m
  ↳ app/views/books/index.html.erb:15
  Rendered books/index.html.erb within layouts/application (Duration: 10.3ms | Allocations: 4431)
[Webpacker] Everything's up-to-date. Nothing to do
  [1m[36mUser Load (0.2ms)[0m  [1m[34mSELECT "users".* FROM "users" WHERE "users"."id" = ? ORDER BY "users"."id" ASC LIMIT ?[0m  [["id", 1], ["LIMIT", 1]]
  ↳ app/views/layouts/application.html.erb:14
Completed 200 OK in 29ms (Views: 18.7ms | ActiveRecord: 1.0ms | Allocations: 11099)


Started GET "/books/1" for 127.0.0.1 at 2021-12-07 08:10:44 +0000
Processing by BooksController#show as HTML
  Parameters: {"id"=>"1"}
  [1m[36mBook Load (0.3ms)[0m  [1m[34mSELECT "books".* FROM "books" WHERE "books"."id" = ? LIMIT ?[0m  [["id", 1], ["LIMIT", 1]]
  ↳ app/controllers/books_controller.rb:62:in `set_book'
  Rendering books/show.html.erb within layouts/application
  [1m[36mActiveStorage::Attachment Load (0.4ms)[0m  [1m[34mSELECT "active_storage_attachments".* FROM "active_storage_attachments" WHERE "active_storage_attachments"."record_id" = ? AND "active_storage_attachments"."record_type" = ? AND "active_storage_attachments"."name" = ? LIMIT ?[0m  [["record_id", 1], ["record_type", "Book"], ["name", "image"], ["LIMIT", 1]]
  ↳ app/views/books/show.html.erb:17
  [1m[36mActiveStorage::Blob Load (0.3ms)[0m  [1m[34mSELECT "active_storage_blobs".* FROM "active_storage_blobs" WHERE "active_storage_blobs"."id" = ? LIMIT ?[0m  [["id", 2], ["LIMIT", 1]]
  ↳ app/views/books/show.html.erb:18
  Rendered books/show.html.erb within layouts/application (Duration: 78.6ms | Allocations: 20779)
[Webpacker] Everything's up-to-date. Nothing to do
  [1m[36mUser Load (0.2ms)[0m  [1m[34mSELECT "users".* FROM "users" WHERE "users"."id" = ? ORDER BY "users"."id" ASC LIMIT ?[0m  [["id", 1], ["LIMIT", 1]]
  ↳ app/views/layouts/application.html.erb:14
Completed 200 OK in 103ms (Views: 86.8ms | ActiveRecord: 4.0ms | Allocations: 28343)


Started GET "/rails/active_storage/disk/eyJfcmFpbHMiOnsibWVzc2FnZSI6IkJBaDdDRG9JYTJWNVNTSWhabTQ1YVhGb1pESmxkRGR4Y1dnNGJEZ3pPVzF1ZEdOdE9IcHBPUVk2QmtWVU9oQmthWE53YjNOcGRHbHZia2tpTjJsdWJHbHVaVHNnWm1sc1pXNWhiV1U5SWpFeUxuQnVaeUk3SUdacGJHVnVZVzFsS2oxVlZFWXRPQ2NuTVRJdWNHNW5CanNHVkRvUlkyOXVkR1Z1ZEY5MGVYQmxTU0lPYVcxaFoyVXZjRzVuQmpzR1ZBPT0iLCJleHAiOiIyMDIxLTEyLTA3VDA4OjExOjU4LjE1MFoiLCJwdXIiOiJibG9iX2tleSJ9fQ==--468dc0274670d8f1061f2df2b0a885bcf4647bf7/12.png?content_type=image%2Fpng&disposition=inline%3B+filename%3D%2212.png%22%3B+filename%2A%3DUTF-8%27%2712.png" for 127.0.0.1 at 2021-12-07 08:10:44 +0000
Processing by ActiveStorage::DiskController#show as PNG
  Parameters: {"content_type"=>"image/png", "disposition"=>"inline; filename=\"12.png\"; filename*=UTF-8''12.png", "encoded_key"=>"eyJfcmFpbHMiOnsibWVzc2FnZSI6IkJBaDdDRG9JYTJWNVNTSWhabTQ1YVhGb1pESmxkRGR4Y1dnNGJEZ3pPVzF1ZEdOdE9IcHBPUVk2QmtWVU9oQmthWE53YjNOcGRHbHZia2tpTjJsdWJHbHVaVHNnWm1sc1pXNWhiV1U5SWpFeUxuQnVaeUk3SUdacGJHVnVZVzFsS2oxVlZFWXRPQ2NuTVRJdWNHNW5CanNHVkRvUlkyOXVkR1Z1ZEY5MGVYQmxTU0lPYVcxaFoyVXZjRzVuQmpzR1ZBPT0iLCJleHAiOiIyMDIxLTEyLTA3VDA4OjExOjU4LjE1MFoiLCJwdXIiOiJibG9iX2tleSJ9fQ==--468dc0274670d8f1061f2df2b0a885bcf4647bf7", "filename"=>"12"}
Completed 304 Not Modified in 2ms (ActiveRecord: 0.0ms | Allocations: 475)


Started POST "/book_reviews" for 127.0.0.1 at 2021-12-07 08:10:52 +0000
Processing by BookReviewsController#create as HTML
  Parameters: {"authenticity_token"=>"OD1kduQsurLGWfMDBw3H9ggudrTBqKwlIgnXV6u4951nNZMfhTagdv/OlW1Nl2eby8eo8l+CF+csrBE2aoLMRw==", "book_review"=>{"review"=>"hehehe", "book_id"=>"1"}, "commit"=>"Create Book review"}
[31mUnpermitted parameters: :review, :book_id[0m
  [1m[36mUser Load (0.2ms)[0m  [1m[34mSELECT "users".* FROM "users" WHERE "users"."id" = ? ORDER BY "users"."id" ASC LIMIT ?[0m  [["id", 1], ["LIMIT", 1]]
  ↳ app/controllers/book_reviews_controller.rb:25:in `create'
  [1m[35m (0.1ms)[0m  [1m[36mbegin transaction[0m
  ↳ app/controllers/book_reviews_controller.rb:27:in `block in create'
  [1m[36mBookReview Create (0.9ms)[0m  [1m[32mINSERT INTO "book_reviews" ("user_id", "created_at", "updated_at") VALUES (?, ?, ?)[0m  [["user_id", 1], ["created_at", "2021-12-07 08:10:52.196376"], ["updated_at", "2021-12-07 08:10:52.196376"]]
  ↳ app/controllers/book_reviews_controller.rb:27:in `block in create'
  [1m[35m (4.8ms)[0m  [1m[36mcommit transaction[0m
  ↳ app/controllers/book_reviews_controller.rb:27:in `block in create'
Redirected to https://localhost-phong-ho-ng-1.paiza-user-free.cloud:3000/book_reviews/3
Completed 302 Found in 15ms (ActiveRecord: 5.9ms | Allocations: 4782)


Started GET "/book_reviews/3" for 127.0.0.1 at 2021-12-07 08:10:52 +0000
Processing by BookReviewsController#show as HTML
  Parameters: {"id"=>"3"}
  [1m[36mBookReview Load (0.3ms)[0m  [1m[34mSELECT "book_reviews".* FROM "book_reviews" WHERE "book_reviews"."id" = ? LIMIT ?[0m  [["id", 3], ["LIMIT", 1]]
  ↳ app/controllers/book_reviews_controller.rb:62:in `set_book_review'
  Rendering book_reviews/show.html.erb within layouts/application
  Rendered book_reviews/show.html.erb within layouts/application (Duration: 1.2ms | Allocations: 226)
[Webpacker] Everything's up-to-date. Nothing to do
  [1m[36mUser Load (0.2ms)[0m  [1m[34mSELECT "users".* FROM "users" WHERE "users"."id" = ? ORDER BY "users"."id" ASC LIMIT ?[0m  [["id", 1], ["LIMIT", 1]]
  ↳ app/views/layouts/application.html.erb:14
Completed 200 OK in 17ms (Views: 13.1ms | ActiveRecord: 0.6ms | Allocations: 6055)


Started GET "/book_reviews" for 127.0.0.1 at 2021-12-07 08:11:08 +0000
Processing by BookReviewsController#index as HTML
  Rendering book_reviews/index.html.erb within layouts/application
  [1m[36mBookReview Load (0.3ms)[0m  [1m[34mSELECT "book_reviews".* FROM "book_reviews"[0m
  ↳ app/views/book_reviews/index.html.erb:14
  Rendered book_reviews/index.html.erb within layouts/application (Duration: 4.3ms | Allocations: 1128)
[Webpacker] Everything's up-to-date. Nothing to do
  [1m[36mUser Load (0.2ms)[0m  [1m[34mSELECT "users".* FROM "users" WHERE "users"."id" = ? ORDER BY "users"."id" ASC LIMIT ?[0m  [["id", 1], ["LIMIT", 1]]
  ↳ app/views/layouts/application.html.erb:14
Completed 200 OK in 18ms (Views: 15.7ms | ActiveRecord: 0.5ms | Allocations: 5756)


